maj 01, 2019 8:51:37 PM Main runLoop
INFO: Kucoin -> 191
maj 01, 2019 8:51:37 PM Main runLoop
INFO: Binance -> 177
maj 01, 2019 8:51:37 PM Main runLoop
INFO: Bittrex -> 276
maj 01, 2019 8:51:37 PM Main runLoop
INFO: Bitfinex -> 133
maj 01, 2019 8:52:35 PM Markets.MarketCalculator mainLoop
INFO: Coin: agi Z: Binance Na: Kucoin
Zysk: 0.0
maj 01, 2019 8:52:35 PM Markets.MarketCalculator mainLoop
INFO: Coin: agi Z: Bitfinex Na: Kucoin
Zysk: 0.0
maj 01, 2019 8:52:35 PM Markets.MarketCalculator mainLoop
INFO: Coin: agi Z: Kucoin Na: Binance
Zysk: 0.0
maj 01, 2019 8:52:35 PM Markets.MarketCalculator mainLoop
INFO: Coin: agi Z: Bitfinex Na: Binance
Zysk: 0.0
maj 01, 2019 8:52:35 PM Markets.MarketCalculator mainLoop
INFO: Coin: agi Z: Kucoin Na: Bitfinex
Zysk: 0.0
maj 01, 2019 8:52:35 PM Markets.MarketCalculator mainLoop
INFO: Coin: agi Z: Binance Na: Bitfinex
Zysk: 0.0
maj 01, 2019 8:52:35 PM Markets.MarketCalculator mainLoop
INFO: Coin: drgn Z: Bittrex Na: Kucoin
Zysk: 0.0
maj 01, 2019 8:52:35 PM Markets.MarketCalculator mainLoop
INFO: Coin: drgn Z: Kucoin Na: Bittrex
Zysk: 0.0
maj 01, 2019 8:52:35 PM Markets.MarketCalculator mainLoop
INFO: Coin: key Z: Binance Na: Kucoin
Zysk: 0.0
maj 01, 2019 8:52:35 PM Markets.MarketCalculator mainLoop
INFO: Coin: key Z: Kucoin Na: Binance
Zysk: 0.0
maj 01, 2019 8:52:35 PM Markets.MarketCalculator mainLoop
INFO: Coin: dent Z: Binance Na: Kucoin
Zysk: 0.0
maj 01, 2019 8:52:35 PM Markets.MarketCalculator mainLoop
INFO: Coin: dent Z: Bittrex Na: Kucoin
Zysk: 0.0
maj 01, 2019 8:52:35 PM Markets.MarketCalculator mainLoop
INFO: Coin: dent Z: Kucoin Na: Binance
Zysk: 0.0
maj 01, 2019 8:52:35 PM Markets.MarketCalculator mainLoop
INFO: Coin: dent Z: Bittrex Na: Binance
Zysk: 0.0
maj 01, 2019 8:52:35 PM Markets.MarketCalculator mainLoop
INFO: Coin: dent Z: Kucoin Na: Bittrex
Zysk: 0.0
maj 01, 2019 8:52:35 PM Markets.MarketCalculator mainLoop
INFO: Coin: dent Z: Binance Na: Bittrex
Zysk: 0.0
maj 01, 2019 8:52:35 PM Markets.MarketCalculator mainLoop
INFO: Coin: ankr Z: Bittrex Na: Kucoin
Zysk: 0.0
maj 01, 2019 8:52:35 PM Markets.MarketCalculator mainLoop
INFO: Coin: ankr Z: Kucoin Na: Bittrex
Zysk: 0.0
maj 01, 2019 8:52:35 PM Markets.MarketCalculator mainLoop
INFO: Coin: cro Z: Bittrex Na: Kucoin
Zysk: 0.0
maj 01, 2019 8:52:35 PM Markets.MarketCalculator mainLoop
INFO: Coin: cro Z: Kucoin Na: Bittrex
Zysk: 0.0
maj 01, 2019 8:52:35 PM Markets.MarketCalculator mainLoop
INFO: Coin: mana Z: Binance Na: Kucoin
Zysk: 0.0
maj 01, 2019 8:52:35 PM Markets.MarketCalculator mainLoop
INFO: Coin: mana Z: Bittrex Na: Kucoin
Zysk: 0.0
maj 01, 2019 8:52:35 PM Markets.MarketCalculator mainLoop
INFO: Coin: mana Z: Kucoin Na: Binance
Zysk: 0.0
maj 01, 2019 8:52:35 PM Markets.MarketCalculator mainLoop
INFO: Coin: mana Z: Bittrex Na: Binance
Zysk: 0.0
maj 01, 2019 8:52:35 PM Markets.MarketCalculator mainLoop
INFO: Coin: mana Z: Kucoin Na: Bittrex
Zysk: 0.0
maj 01, 2019 8:52:35 PM Markets.MarketCalculator mainLoop
INFO: Coin: mana Z: Binance Na: Bittrex
Zysk: 0.0
maj 01, 2019 8:52:35 PM Markets.MarketCalculator mainLoop
INFO: Coin: zil Z: Bittrex Na: Kucoin
Zysk: 0.0
maj 01, 2019 8:52:35 PM Markets.MarketCalculator mainLoop
INFO: Coin: zil Z: Bitfinex Na: Kucoin
Zysk: 0.0
maj 01, 2019 8:52:35 PM Markets.MarketCalculator mainLoop
INFO: Coin: zil Z: Kucoin Na: Bittrex
Zysk: 0.0
maj 01, 2019 8:52:35 PM Markets.MarketCalculator mainLoop
INFO: Coin: zil Z: Bitfinex Na: Bittrex
Zysk: 0.0
maj 01, 2019 8:52:35 PM Markets.MarketCalculator mainLoop
INFO: Coin: zil Z: Kucoin Na: Bitfinex
Zysk: 0.0
maj 01, 2019 8:52:35 PM Markets.MarketCalculator mainLoop
INFO: Coin: zil Z: Bittrex Na: Bitfinex
Zysk: 0.0
maj 01, 2019 8:52:35 PM Markets.MarketCalculator mainLoop
INFO: Coin: ode Z: Bitfinex Na: Kucoin
Zysk: 0.0
maj 01, 2019 8:52:35 PM Markets.MarketCalculator mainLoop
INFO: Coin: ode Z: Kucoin Na: Bitfinex
Zysk: 0.0
maj 01, 2019 8:52:35 PM Markets.MarketCalculator mainLoop
INFO: Coin: edr Z: Bittrex Na: Kucoin
Zysk: 0.0
maj 01, 2019 8:52:35 PM Markets.MarketCalculator mainLoop
INFO: Coin: edr Z: Kucoin Na: Bittrex
Zysk: 0.0
maj 01, 2019 8:52:35 PM Markets.MarketCalculator mainLoop
INFO: Coin: ocn Z: Bittrex Na: Kucoin
Zysk: 0.0
maj 01, 2019 8:52:35 PM Markets.MarketCalculator mainLoop
INFO: Coin: ocn Z: Kucoin Na: Bittrex
Zysk: 0.0
maj 01, 2019 8:52:35 PM Markets.MarketCalculator mainLoop
INFO: Coin: rif Z: Bitfinex Na: Kucoin
Zysk: 0.0
maj 01, 2019 8:52:35 PM Markets.MarketCalculator mainLoop
INFO: Coin: rif Z: Kucoin Na: Bitfinex
Zysk: 0.0
maj 01, 2019 8:52:35 PM Markets.MarketCalculator mainLoop
INFO: Coin: nebl Z: Binance Na: Kucoin
Zysk: 0.0
maj 01, 2019 8:52:35 PM Markets.MarketCalculator mainLoop
INFO: Coin: nebl Z: Kucoin Na: Binance
Zysk: 0.0
maj 01, 2019 8:52:35 PM Markets.MarketCalculator mainLoop
INFO: Coin: nuls Z: Binance Na: Kucoin
Zysk: 0.0
maj 01, 2019 8:52:35 PM Markets.MarketCalculator mainLoop
INFO: Coin: nuls Z: Kucoin Na: Binance
Zysk: 0.0
maj 01, 2019 8:52:35 PM Markets.MarketCalculator mainLoop
INFO: Coin: snt Z: Binance Na: Kucoin
Zysk: 0.0
maj 01, 2019 8:52:35 PM Markets.MarketCalculator mainLoop
INFO: Coin: snt Z: Bittrex Na: Kucoin
Zysk: 0.0
maj 01, 2019 8:52:35 PM Markets.MarketCalculator mainLoop
INFO: Coin: snt Z: Bitfinex Na: Kucoin
Zysk: 0.0
maj 01, 2019 8:52:35 PM Markets.MarketCalculator mainLoop
INFO: Coin: snt Z: Kucoin Na: Binance
Zysk: 0.0
maj 01, 2019 8:52:35 PM Markets.MarketCalculator mainLoop
INFO: Coin: snt Z: Bittrex Na: Binance
Zysk: 0.0
maj 01, 2019 8:52:35 PM Markets.MarketCalculator mainLoop
INFO: Coin: snt Z: Bitfinex Na: Binance
Zysk: 0.0
maj 01, 2019 8:52:35 PM Markets.MarketCalculator mainLoop
INFO: Coin: snt Z: Kucoin Na: Bittrex
Zysk: 0.0
maj 01, 2019 8:52:35 PM Markets.MarketCalculator mainLoop
INFO: Coin: snt Z: Binance Na: Bittrex
Zysk: 0.0
maj 01, 2019 8:52:35 PM Markets.MarketCalculator mainLoop
INFO: Coin: snt Z: Bitfinex Na: Bittrex
Zysk: 0.0
maj 01, 2019 8:52:35 PM Markets.MarketCalculator mainLoop
INFO: Coin: snt Z: Kucoin Na: Bitfinex
Zysk: 0.0
maj 01, 2019 8:52:36 PM Markets.MarketCalculator mainLoop
INFO: Coin: snt Z: Binance Na: Bitfinex
Zysk: 0.0
maj 01, 2019 8:52:36 PM Markets.MarketCalculator mainLoop
INFO: Coin: snt Z: Bittrex Na: Bitfinex
Zysk: 0.0
maj 01, 2019 8:52:36 PM Markets.MarketCalculator mainLoop
INFO: Coin: phx Z: Binance Na: Kucoin
Zysk: 0.0
maj 01, 2019 8:52:36 PM Markets.MarketCalculator mainLoop
INFO: Coin: phx Z: Kucoin Na: Binance
Zysk: 0.0
maj 01, 2019 8:52:36 PM Markets.MarketCalculator mainLoop
INFO: Coin: wax Z: Bittrex Na: Kucoin
Zysk: 0.0
maj 01, 2019 8:52:36 PM Markets.MarketCalculator mainLoop
INFO: Coin: wax Z: Bitfinex Na: Kucoin
Zysk: 0.0
maj 01, 2019 8:52:36 PM Markets.MarketCalculator mainLoop
INFO: Coin: wax Z: Kucoin Na: Bittrex
Zysk: 0.0
maj 01, 2019 8:52:36 PM Markets.MarketCalculator mainLoop
INFO: Coin: wax Z: Bitfinex Na: Bittrex
Zysk: 0.0
maj 01, 2019 8:52:36 PM Markets.MarketCalculator mainLoop
INFO: Coin: wax Z: Kucoin Na: Bitfinex
Zysk: 0.0
maj 01, 2019 8:52:36 PM Markets.MarketCalculator mainLoop
INFO: Coin: wax Z: Bittrex Na: Bitfinex
Zysk: 0.0
maj 01, 2019 8:52:36 PM Markets.MarketCalculator mainLoop
INFO: Coin: bchsv Z: Binance Na: Kucoin
Zysk: 0.0
maj 01, 2019 8:52:36 PM Markets.MarketCalculator mainLoop
INFO: Coin: bchsv Z: Kucoin Na: Binance
Zysk: 0.0
maj 01, 2019 8:52:36 PM Markets.MarketCalculator mainLoop
INFO: Coin: nano Z: Binance Na: Kucoin
Zysk: 0.0
maj 01, 2019 8:52:36 PM Markets.MarketCalculator mainLoop
INFO: Coin: nano Z: Kucoin Na: Binance
Zysk: 0.0
maj 01, 2019 8:52:36 PM Markets.MarketCalculator mainLoop
INFO: Coin: snm Z: Binance Na: Kucoin
Zysk: 0.0
maj 01, 2019 8:52:36 PM Markets.MarketCalculator mainLoop
INFO: Coin: snm Z: Kucoin Na: Binance
Zysk: 0.0
maj 01, 2019 8:52:36 PM Markets.MarketCalculator mainLoop
INFO: Coin: wan Z: Binance Na: Kucoin
Zysk: 0.0
maj 01, 2019 8:52:36 PM Markets.MarketCalculator mainLoop
INFO: Coin: wan Z: Kucoin Na: Binance
Zysk: 0.0
maj 01, 2019 8:52:36 PM Markets.MarketCalculator mainLoop
INFO: Coin: ont Z: Binance Na: Kucoin
Zysk: 0.0
maj 01, 2019 8:52:36 PM Markets.MarketCalculator mainLoop
INFO: Coin: ont Z: Bittrex Na: Kucoin
Zysk: 0.0
maj 01, 2019 8:52:36 PM Markets.MarketCalculator mainLoop
INFO: Coin: ont Z: Kucoin Na: Binance
Zysk: 0.0
maj 01, 2019 8:52:36 PM Markets.MarketCalculator mainLoop
INFO: Coin: ont Z: Bittrex Na: Binance
Zysk: 0.0
maj 01, 2019 8:52:36 PM Markets.MarketCalculator mainLoop
INFO: Coin: ont Z: Kucoin Na: Bittrex
Zysk: 0.0
maj 01, 2019 8:52:36 PM Markets.MarketCalculator mainLoop
INFO: Coin: ont Z: Binance Na: Bittrex
Zysk: 0.0
maj 01, 2019 8:52:36 PM Markets.MarketCalculator mainLoop
INFO: Coin: bchabc Z: Binance Na: Kucoin
Zysk: 0.0
maj 01, 2019 8:52:36 PM Markets.MarketCalculator mainLoop
INFO: Coin: bchabc Z: Kucoin Na: Binance
Zysk: 0.0
maj 01, 2019 8:52:36 PM Markets.MarketCalculator mainLoop
INFO: Coin: aion Z: Binance Na: Kucoin
Zysk: 0.0
maj 01, 2019 8:52:36 PM Markets.MarketCalculator mainLoop
INFO: Coin: aion Z: Kucoin Na: Binance
Zysk: 0.0
maj 01, 2019 8:52:36 PM Markets.MarketCalculator mainLoop
INFO: Coin: eos Z: Binance Na: Kucoin
Zysk: 0.0
maj 01, 2019 8:52:36 PM Markets.MarketCalculator mainLoop
INFO: Coin: eos Z: Bitfinex Na: Kucoin
Zysk: 0.0
maj 01, 2019 8:52:36 PM Markets.MarketCalculator mainLoop
INFO: Coin: eos Z: Kucoin Na: Binance
Zysk: 0.0
maj 01, 2019 8:52:36 PM Markets.MarketCalculator mainLoop
INFO: Coin: eos Z: Bitfinex Na: Binance
Zysk: 0.0
maj 01, 2019 8:52:36 PM Markets.MarketCalculator mainLoop
INFO: Coin: eos Z: Kucoin Na: Bitfinex
Zysk: 0.0
maj 01, 2019 8:52:36 PM Markets.MarketCalculator mainLoop
INFO: Coin: eos Z: Binance Na: Bitfinex
Zysk: 0.0
maj 01, 2019 8:52:36 PM Markets.MarketCalculator mainLoop
INFO: Coin: hc Z: Binance Na: Kucoin
Zysk: 0.0
maj 01, 2019 8:52:36 PM Markets.MarketCalculator mainLoop
INFO: Coin: hc Z: Kucoin Na: Binance
Zysk: 0.0
maj 01, 2019 8:52:36 PM Markets.MarketCalculator mainLoop
INFO: Coin: ins Z: Binance Na: Kucoin
Zysk: 0.0
maj 01, 2019 8:52:36 PM Markets.MarketCalculator mainLoop
INFO: Coin: ins Z: Kucoin Na: Binance
Zysk: 0.0
maj 01, 2019 8:52:36 PM Markets.MarketCalculator mainLoop
INFO: Coin: zrx Z: Binance Na: Kucoin
Zysk: 0.0
maj 01, 2019 8:52:36 PM Markets.MarketCalculator mainLoop
INFO: Coin: zrx Z: Bittrex Na: Kucoin
Zysk: 0.0
maj 01, 2019 8:52:36 PM Markets.MarketCalculator mainLoop
INFO: Coin: zrx Z: Bitfinex Na: Kucoin
Zysk: 0.0
maj 01, 2019 8:52:36 PM Markets.MarketCalculator mainLoop
INFO: Coin: zrx Z: Kucoin Na: Binance
Zysk: 0.0
maj 01, 2019 8:52:36 PM Markets.MarketCalculator mainLoop
INFO: Coin: zrx Z: Bittrex Na: Binance
Zysk: 0.0
maj 01, 2019 8:52:36 PM Markets.MarketCalculator mainLoop
INFO: Coin: zrx Z: Bitfinex Na: Binance
Zysk: 0.0
maj 01, 2019 8:52:36 PM Markets.MarketCalculator mainLoop
INFO: Coin: zrx Z: Kucoin Na: Bittrex
Zysk: 0.0
maj 01, 2019 8:52:36 PM Markets.MarketCalculator mainLoop
INFO: Coin: zrx Z: Binance Na: Bittrex
Zysk: 0.0
maj 01, 2019 8:52:36 PM Markets.MarketCalculator mainLoop
INFO: Coin: zrx Z: Bitfinex Na: Bittrex
Zysk: 0.0
maj 01, 2019 8:52:36 PM Markets.MarketCalculator mainLoop
INFO: Coin: zrx Z: Kucoin Na: Bitfinex
Zysk: 0.0
maj 01, 2019 8:52:36 PM Markets.MarketCalculator mainLoop
INFO: Coin: zrx Z: Binance Na: Bitfinex
Zysk: 0.0
maj 01, 2019 8:52:36 PM Markets.MarketCalculator mainLoop
INFO: Coin: zrx Z: Bittrex Na: Bitfinex
Zysk: 0.0
maj 01, 2019 8:52:36 PM Markets.MarketCalculator mainLoop
INFO: Coin: knc Z: Binance Na: Kucoin
Zysk: 0.0
maj 01, 2019 8:52:36 PM Markets.MarketCalculator mainLoop
INFO: Coin: knc Z: Bitfinex Na: Kucoin
Zysk: 0.0
maj 01, 2019 8:52:36 PM Markets.MarketCalculator mainLoop
INFO: Coin: knc Z: Kucoin Na: Binance
Zysk: 0.0
maj 01, 2019 8:52:36 PM Markets.MarketCalculator mainLoop
INFO: Coin: knc Z: Bitfinex Na: Binance
Zysk: 0.0
maj 01, 2019 8:52:36 PM Markets.MarketCalculator mainLoop
INFO: Coin: knc Z: Kucoin Na: Bitfinex
Zysk: 0.0
maj 01, 2019 8:52:36 PM Markets.MarketCalculator mainLoop
INFO: Coin: knc Z: Binance Na: Bitfinex
Zysk: 0.0
maj 01, 2019 8:52:36 PM Markets.MarketCalculator mainLoop
INFO: Coin: ltc Z: Binance Na: Kucoin
Zysk: 0.0
maj 01, 2019 8:52:36 PM Markets.MarketCalculator mainLoop
INFO: Coin: ltc Z: Bittrex Na: Kucoin
Zysk: 0.0
maj 01, 2019 8:52:36 PM Markets.MarketCalculator mainLoop
INFO: Coin: ltc Z: Bitfinex Na: Kucoin
Zysk: 0.0
maj 01, 2019 8:52:36 PM Markets.MarketCalculator mainLoop
INFO: Coin: ltc Z: Kucoin Na: Binance
Zysk: 0.0
maj 01, 2019 8:52:36 PM Markets.MarketCalculator mainLoop
INFO: Coin: ltc Z: Bittrex Na: Binance
Zysk: 0.0
maj 01, 2019 8:52:36 PM Markets.MarketCalculator mainLoop
INFO: Coin: ltc Z: Bitfinex Na: Binance
Zysk: 0.0
maj 01, 2019 8:52:36 PM Markets.MarketCalculator mainLoop
INFO: Coin: ltc Z: Kucoin Na: Bittrex
Zysk: 0.0
maj 01, 2019 8:52:36 PM Markets.MarketCalculator mainLoop
INFO: Coin: ltc Z: Binance Na: Bittrex
Zysk: 0.0
maj 01, 2019 8:52:36 PM Markets.MarketCalculator mainLoop
INFO: Coin: ltc Z: Bitfinex Na: Bittrex
Zysk: 0.0
maj 01, 2019 8:52:36 PM Markets.MarketCalculator mainLoop
INFO: Coin: ltc Z: Kucoin Na: Bitfinex
Zysk: 0.0
maj 01, 2019 8:52:36 PM Markets.MarketCalculator mainLoop
INFO: Coin: ltc Z: Binance Na: Bitfinex
Zysk: 0.0
maj 01, 2019 8:52:36 PM Markets.MarketCalculator mainLoop
INFO: Coin: ltc Z: Bittrex Na: Bitfinex
Zysk: 0.0
maj 01, 2019 8:52:36 PM Markets.MarketCalculator mainLoop
INFO: Coin: man Z: Bitfinex Na: Kucoin
Zysk: 0.0
maj 01, 2019 8:52:36 PM Markets.MarketCalculator mainLoop
INFO: Coin: man Z: Kucoin Na: Bitfinex
Zysk: 0.0
maj 01, 2019 8:52:36 PM Markets.MarketCalculator mainLoop
INFO: Coin: go Z: Binance Na: Kucoin
Zysk: 0.0
maj 01, 2019 8:52:36 PM Markets.MarketCalculator mainLoop
INFO: Coin: go Z: Bittrex Na: Kucoin
Zysk: 0.0
maj 01, 2019 8:52:36 PM Markets.MarketCalculator mainLoop
INFO: Coin: go Z: Kucoin Na: Binance
Zysk: 0.0
maj 01, 2019 8:52:36 PM Markets.MarketCalculator mainLoop
INFO: Coin: go Z: Bittrex Na: Binance
Zysk: 0.0
maj 01, 2019 8:52:36 PM Markets.MarketCalculator mainLoop
INFO: Coin: go Z: Kucoin Na: Bittrex
Zysk: 0.0
maj 01, 2019 8:52:36 PM Markets.MarketCalculator mainLoop
INFO: Coin: go Z: Binance Na: Bittrex
Zysk: 0.0
maj 01, 2019 8:52:36 PM Markets.MarketCalculator mainLoop
INFO: Coin: xrp Z: Binance Na: Kucoin
Zysk: 0.0
maj 01, 2019 8:52:36 PM Markets.MarketCalculator mainLoop
INFO: Coin: xrp Z: Bittrex Na: Kucoin
Zysk: 0.0
maj 01, 2019 8:52:36 PM Markets.MarketCalculator mainLoop
INFO: Coin: xrp Z: Bitfinex Na: Kucoin
Zysk: 0.0
maj 01, 2019 8:52:36 PM Markets.MarketCalculator mainLoop
INFO: Coin: xrp Z: Kucoin Na: Binance
Zysk: 0.0
maj 01, 2019 8:52:36 PM Markets.MarketCalculator mainLoop
INFO: Coin: xrp Z: Bittrex Na: Binance
Zysk: 0.0
maj 01, 2019 8:52:36 PM Markets.MarketCalculator mainLoop
INFO: Coin: xrp Z: Bitfinex Na: Binance
Zysk: 0.0
maj 01, 2019 8:52:36 PM Markets.MarketCalculator mainLoop
INFO: Coin: xrp Z: Kucoin Na: Bittrex
Zysk: 0.0
maj 01, 2019 8:52:36 PM Markets.MarketCalculator mainLoop
INFO: Coin: xrp Z: Binance Na: Bittrex
Zysk: -0.38486386435038095
maj 01, 2019 8:52:36 PM Markets.MarketCalculator mainLoop
INFO: Coin: xrp Z: Bitfinex Na: Bittrex
Zysk: 0.0
maj 01, 2019 8:52:36 PM Markets.MarketCalculator mainLoop
INFO: Coin: xrp Z: Kucoin Na: Bitfinex
Zysk: 0.0
maj 01, 2019 8:52:36 PM Markets.MarketCalculator mainLoop
INFO: Coin: xrp Z: Binance Na: Bitfinex
Zysk: 0.0
maj 01, 2019 8:52:36 PM Markets.MarketCalculator mainLoop
INFO: Coin: xrp Z: Bittrex Na: Bitfinex
Zysk: 0.0
maj 01, 2019 8:52:36 PM Markets.MarketCalculator mainLoop
INFO: Coin: omg Z: Binance Na: Kucoin
Zysk: 0.0
maj 01, 2019 8:52:36 PM Markets.MarketCalculator mainLoop
INFO: Coin: omg Z: Bittrex Na: Kucoin
Zysk: 0.0
maj 01, 2019 8:52:36 PM Markets.MarketCalculator mainLoop
INFO: Coin: omg Z: Bitfinex Na: Kucoin
Zysk: 0.0
maj 01, 2019 8:52:36 PM Markets.MarketCalculator mainLoop
INFO: Coin: omg Z: Kucoin Na: Binance
Zysk: 0.0
maj 01, 2019 8:52:36 PM Markets.MarketCalculator mainLoop
INFO: Coin: omg Z: Bittrex Na: Binance
Zysk: 0.0
maj 01, 2019 8:52:36 PM Markets.MarketCalculator mainLoop
INFO: Coin: omg Z: Bitfinex Na: Binance
Zysk: 0.0
maj 01, 2019 8:52:36 PM Markets.MarketCalculator mainLoop
INFO: Coin: omg Z: Kucoin Na: Bittrex
Zysk: 0.0
maj 01, 2019 8:52:36 PM Markets.MarketCalculator mainLoop
INFO: Coin: omg Z: Binance Na: Bittrex
Zysk: 0.0
maj 01, 2019 8:52:36 PM Markets.MarketCalculator mainLoop
INFO: Coin: omg Z: Bitfinex Na: Bittrex
Zysk: 0.0
maj 01, 2019 8:52:36 PM Markets.MarketCalculator mainLoop
INFO: Coin: omg Z: Kucoin Na: Bitfinex
Zysk: 0.0
maj 01, 2019 8:52:36 PM Markets.MarketCalculator mainLoop
INFO: Coin: omg Z: Binance Na: Bitfinex
Zysk: 0.0
maj 01, 2019 8:52:36 PM Markets.MarketCalculator mainLoop
INFO: Coin: omg Z: Bittrex Na: Bitfinex
Zysk: 0.0
maj 01, 2019 8:52:36 PM Markets.MarketCalculator mainLoop
INFO: Coin: enj Z: Binance Na: Kucoin
Zysk: 0.0
maj 01, 2019 8:52:36 PM Markets.MarketCalculator mainLoop
INFO: Coin: enj Z: Bittrex Na: Kucoin
Zysk: 0.0
maj 01, 2019 8:52:36 PM Markets.MarketCalculator mainLoop
INFO: Coin: enj Z: Bitfinex Na: Kucoin
Zysk: 0.0
maj 01, 2019 8:52:36 PM Markets.MarketCalculator mainLoop
INFO: Coin: enj Z: Kucoin Na: Binance
Zysk: 0.0
maj 01, 2019 8:52:36 PM Markets.MarketCalculator mainLoop
INFO: Coin: enj Z: Bittrex Na: Binance
Zysk: 0.0
maj 01, 2019 8:52:36 PM Markets.MarketCalculator mainLoop
INFO: Coin: enj Z: Bitfinex Na: Binance
Zysk: 0.0
maj 01, 2019 8:52:36 PM Markets.MarketCalculator mainLoop
INFO: Coin: enj Z: Kucoin Na: Bittrex
Zysk: 0.0
maj 01, 2019 8:52:36 PM Markets.MarketCalculator mainLoop
INFO: Coin: enj Z: Binance Na: Bittrex
Zysk: 0.0
maj 01, 2019 8:52:36 PM Markets.MarketCalculator mainLoop
INFO: Coin: enj Z: Bitfinex Na: Bittrex
Zysk: 0.0
maj 01, 2019 8:52:36 PM Markets.MarketCalculator mainLoop
INFO: Coin: enj Z: Kucoin Na: Bitfinex
Zysk: 0.0
maj 01, 2019 8:52:36 PM Markets.MarketCalculator mainLoop
INFO: Coin: enj Z: Binance Na: Bitfinex
Zysk: 0.0
maj 01, 2019 8:52:36 PM Markets.MarketCalculator mainLoop
INFO: Coin: enj Z: Bittrex Na: Bitfinex
Zysk: 0.0
maj 01, 2019 8:52:36 PM Markets.MarketCalculator mainLoop
INFO: Coin: trx Z: Binance Na: Kucoin
Zysk: 0.0
maj 01, 2019 8:52:36 PM Markets.MarketCalculator mainLoop
INFO: Coin: trx Z: Bittrex Na: Kucoin
Zysk: 0.0
maj 01, 2019 8:52:36 PM Markets.MarketCalculator mainLoop
INFO: Coin: trx Z: Bitfinex Na: Kucoin
Zysk: 0.0
maj 01, 2019 8:52:36 PM Markets.MarketCalculator mainLoop
INFO: Coin: trx Z: Kucoin Na: Binance
Zysk: 0.0
maj 01, 2019 8:52:36 PM Markets.MarketCalculator mainLoop
INFO: Coin: trx Z: Bittrex Na: Binance
Zysk: 0.0
maj 01, 2019 8:52:36 PM Markets.MarketCalculator mainLoop
INFO: Coin: trx Z: Bitfinex Na: Binance
Zysk: 0.0
maj 01, 2019 8:52:36 PM Markets.MarketCalculator mainLoop
INFO: Coin: trx Z: Kucoin Na: Bittrex
Zysk: 0.0
maj 01, 2019 8:52:36 PM Markets.MarketCalculator mainLoop
INFO: Coin: trx Z: Binance Na: Bittrex
Zysk: 0.0
maj 01, 2019 8:52:36 PM Markets.MarketCalculator mainLoop
INFO: Coin: trx Z: Bitfinex Na: Bittrex
Zysk: 0.0
maj 01, 2019 8:52:36 PM Markets.MarketCalculator mainLoop
INFO: Coin: trx Z: Kucoin Na: Bitfinex
Zysk: 0.0
maj 01, 2019 8:52:36 PM Markets.MarketCalculator mainLoop
INFO: Coin: trx Z: Binance Na: Bitfinex
Zysk: 0.0
maj 01, 2019 8:52:36 PM Markets.MarketCalculator mainLoop
INFO: Coin: trx Z: Bittrex Na: Bitfinex
Zysk: 0.0
maj 01, 2019 8:52:36 PM Markets.MarketCalculator mainLoop
INFO: Coin: cbc Z: Bittrex Na: Kucoin
Zysk: 0.0
maj 01, 2019 8:52:36 PM Markets.MarketCalculator mainLoop
INFO: Coin: cbc Z: Kucoin Na: Bittrex
Zysk: 0.0
maj 01, 2019 8:52:36 PM Markets.MarketCalculator mainLoop
INFO: Coin: usdt Z: Binance Na: Kucoin
Zysk: 0.0
maj 01, 2019 8:52:36 PM Markets.MarketCalculator mainLoop
INFO: Coin: usdt Z: Bittrex Na: Kucoin
Zysk: 0.0
maj 01, 2019 8:52:36 PM Markets.MarketCalculator mainLoop
INFO: Coin: usdt Z: Kucoin Na: Binance
Zysk: 0.0
maj 01, 2019 8:52:36 PM Markets.MarketCalculator mainLoop
INFO: Coin: usdt Z: Bittrex Na: Binance
Zysk: 0.0
maj 01, 2019 8:52:36 PM Markets.MarketCalculator mainLoop
INFO: Coin: usdt Z: Kucoin Na: Bittrex
Zysk: 0.0
maj 01, 2019 8:52:36 PM Markets.MarketCalculator mainLoop
INFO: Coin: usdt Z: Binance Na: Bittrex
Zysk: 0.0
maj 01, 2019 8:52:36 PM Markets.MarketCalculator mainLoop
INFO: Coin: gas Z: Binance Na: Kucoin
Zysk: 0.0
maj 01, 2019 8:52:36 PM Markets.MarketCalculator mainLoop
INFO: Coin: gas Z: Kucoin Na: Binance
Zysk: 0.0
maj 01, 2019 8:52:36 PM Markets.MarketCalculator mainLoop
INFO: Coin: btt Z: Binance Na: Kucoin
Zysk: 0.0
maj 01, 2019 8:52:36 PM Markets.MarketCalculator mainLoop
INFO: Coin: btt Z: Bittrex Na: Kucoin
Zysk: 0.0
maj 01, 2019 8:52:36 PM Markets.MarketCalculator mainLoop
INFO: Coin: btt Z: Bitfinex Na: Kucoin
Zysk: 0.0
maj 01, 2019 8:52:36 PM Markets.MarketCalculator mainLoop
INFO: Coin: btt Z: Kucoin Na: Binance
Zysk: 0.0
maj 01, 2019 8:52:36 PM Markets.MarketCalculator mainLoop
INFO: Coin: btt Z: Bittrex Na: Binance
Zysk: 0.0
maj 01, 2019 8:52:36 PM Markets.MarketCalculator mainLoop
INFO: Coin: btt Z: Bitfinex Na: Binance
Zysk: 0.0
maj 01, 2019 8:52:36 PM Markets.MarketCalculator mainLoop
INFO: Coin: btt Z: Kucoin Na: Bittrex
Zysk: 0.0
maj 01, 2019 8:52:36 PM Markets.MarketCalculator mainLoop
INFO: Coin: btt Z: Binance Na: Bittrex
Zysk: 0.0
maj 01, 2019 8:52:36 PM Markets.MarketCalculator mainLoop
INFO: Coin: btt Z: Bitfinex Na: Bittrex
Zysk: 0.0
maj 01, 2019 8:52:36 PM Markets.MarketCalculator mainLoop
INFO: Coin: btt Z: Kucoin Na: Bitfinex
Zysk: 0.0
maj 01, 2019 8:52:36 PM Markets.MarketCalculator mainLoop
INFO: Coin: btt Z: Binance Na: Bitfinex
Zysk: 0.0
maj 01, 2019 8:52:36 PM Markets.MarketCalculator mainLoop
INFO: Coin: btt Z: Bittrex Na: Bitfinex
Zysk: 0.0
maj 01, 2019 8:52:36 PM Markets.MarketCalculator mainLoop
INFO: Coin: lsk Z: Binance Na: Kucoin
Zysk: 0.0
maj 01, 2019 8:52:36 PM Markets.MarketCalculator mainLoop
INFO: Coin: lsk Z: Bittrex Na: Kucoin
Zysk: 0.0
maj 01, 2019 8:52:36 PM Markets.MarketCalculator mainLoop
INFO: Coin: lsk Z: Kucoin Na: Binance
Zysk: 0.0
maj 01, 2019 8:52:36 PM Markets.MarketCalculator mainLoop
INFO: Coin: lsk Z: Bittrex Na: Binance
Zysk: 0.0
maj 01, 2019 8:52:36 PM Markets.MarketCalculator mainLoop
INFO: Coin: lsk Z: Kucoin Na: Bittrex
Zysk: 0.0
maj 01, 2019 8:52:36 PM Markets.MarketCalculator mainLoop
INFO: Coin: lsk Z: Binance Na: Bittrex
Zysk: 0.0
maj 01, 2019 8:52:36 PM Markets.MarketCalculator mainLoop
INFO: Coin: btm Z: Binance Na: Kucoin
Zysk: 0.0
maj 01, 2019 8:52:36 PM Markets.MarketCalculator mainLoop
INFO: Coin: btm Z: Bittrex Na: Kucoin
Zysk: 0.0
maj 01, 2019 8:52:36 PM Markets.MarketCalculator mainLoop
INFO: Coin: btm Z: Kucoin Na: Binance
Zysk: 0.0
maj 01, 2019 8:52:36 PM Markets.MarketCalculator mainLoop
INFO: Coin: btm Z: Bittrex Na: Binance
Zysk: 0.0
maj 01, 2019 8:52:36 PM Markets.MarketCalculator mainLoop
INFO: Coin: btm Z: Kucoin Na: Bittrex
Zysk: 0.0
maj 01, 2019 8:52:36 PM Markets.MarketCalculator mainLoop
INFO: Coin: btm Z: Binance Na: Bittrex
Zysk: 0.0
maj 01, 2019 8:52:36 PM Markets.MarketCalculator mainLoop
INFO: Coin: hst Z: Bittrex Na: Kucoin
Zysk: 0.0
maj 01, 2019 8:52:36 PM Markets.MarketCalculator mainLoop
INFO: Coin: hst Z: Kucoin Na: Bittrex
Zysk: 0.0
maj 01, 2019 8:52:36 PM Markets.MarketCalculator mainLoop
INFO: Coin: vet Z: Binance Na: Kucoin
Zysk: 0.0
maj 01, 2019 8:52:36 PM Markets.MarketCalculator mainLoop
INFO: Coin: vet Z: Bitfinex Na: Kucoin
Zysk: 0.0
maj 01, 2019 8:52:36 PM Markets.MarketCalculator mainLoop
INFO: Coin: vet Z: Kucoin Na: Binance
Zysk: 0.0
maj 01, 2019 8:52:36 PM Markets.MarketCalculator mainLoop
INFO: Coin: vet Z: Bitfinex Na: Binance
Zysk: 0.0
maj 01, 2019 8:52:36 PM Markets.MarketCalculator mainLoop
INFO: Coin: vet Z: Kucoin Na: Bitfinex
Zysk: 0.0
maj 01, 2019 8:52:36 PM Markets.MarketCalculator mainLoop
INFO: Coin: vet Z: Binance Na: Bitfinex
Zysk: 0.0
maj 01, 2019 8:52:36 PM Markets.MarketCalculator mainLoop
INFO: Coin: usdc Z: Binance Na: Kucoin
Zysk: 0.0
maj 01, 2019 8:52:36 PM Markets.MarketCalculator mainLoop
INFO: Coin: usdc Z: Kucoin Na: Binance
Zysk: 0.0
maj 01, 2019 8:52:36 PM Markets.MarketCalculator mainLoop
INFO: Coin: btc Z: Binance Na: Kucoin
Zysk: 0.0
maj 01, 2019 8:52:36 PM Markets.MarketCalculator mainLoop
INFO: Coin: btc Z: Bittrex Na: Kucoin
Zysk: 0.0
maj 01, 2019 8:52:36 PM Markets.MarketCalculator mainLoop
INFO: Coin: btc Z: Bitfinex Na: Kucoin
Zysk: 0.0
maj 01, 2019 8:52:36 PM Markets.MarketCalculator mainLoop
INFO: Coin: btc Z: Kucoin Na: Binance
Zysk: 0.0
maj 01, 2019 8:52:36 PM Markets.MarketCalculator mainLoop
INFO: Coin: btc Z: Bittrex Na: Binance
Zysk: 0.0
maj 01, 2019 8:52:36 PM Markets.MarketCalculator mainLoop
INFO: Coin: btc Z: Bitfinex Na: Binance
Zysk: 0.0
maj 01, 2019 8:52:36 PM Markets.MarketCalculator mainLoop
INFO: Coin: btc Z: Kucoin Na: Bittrex
Zysk: 0.0
maj 01, 2019 8:52:36 PM Markets.MarketCalculator mainLoop
INFO: Coin: btc Z: Binance Na: Bittrex
Zysk: 0.0
maj 01, 2019 8:52:36 PM Markets.MarketCalculator mainLoop
INFO: Coin: btc Z: Bitfinex Na: Bittrex
Zysk: 0.0
maj 01, 2019 8:52:36 PM Markets.MarketCalculator mainLoop
INFO: Coin: btc Z: Kucoin Na: Bitfinex
Zysk: 0.0
maj 01, 2019 8:52:36 PM Markets.MarketCalculator mainLoop
INFO: Coin: btc Z: Binance Na: Bitfinex
Zysk: 0.0
maj 01, 2019 8:52:36 PM Markets.MarketCalculator mainLoop
INFO: Coin: btc Z: Bittrex Na: Bitfinex
Zysk: 0.0
maj 01, 2019 8:52:36 PM Markets.MarketCalculator mainLoop
INFO: Coin: qlc Z: Binance Na: Kucoin
Zysk: 0.0
maj 01, 2019 8:52:36 PM Markets.MarketCalculator mainLoop
INFO: Coin: qlc Z: Kucoin Na: Binance
Zysk: 0.0
maj 01, 2019 8:52:36 PM Markets.MarketCalculator mainLoop
INFO: Coin: req Z: Binance Na: Kucoin
Zysk: 0.0
maj 01, 2019 8:52:36 PM Markets.MarketCalculator mainLoop
INFO: Coin: req Z: Bitfinex Na: Kucoin
Zysk: 0.0
maj 01, 2019 8:52:36 PM Markets.MarketCalculator mainLoop
INFO: Coin: req Z: Kucoin Na: Binance
Zysk: 0.0
maj 01, 2019 8:52:36 PM Markets.MarketCalculator mainLoop
INFO: Coin: req Z: Bitfinex Na: Binance
Zysk: 0.0
maj 01, 2019 8:52:36 PM Markets.MarketCalculator mainLoop
INFO: Coin: req Z: Kucoin Na: Bitfinex
Zysk: 0.0
maj 01, 2019 8:52:36 PM Markets.MarketCalculator mainLoop
INFO: Coin: req Z: Binance Na: Bitfinex
Zysk: 0.0
maj 01, 2019 8:52:36 PM Markets.MarketCalculator mainLoop
INFO: Coin: grin Z: Bittrex Na: Kucoin
Zysk: 0.0
maj 01, 2019 8:52:36 PM Markets.MarketCalculator mainLoop
INFO: Coin: grin Z: Kucoin Na: Bittrex
Zysk: 0.0
maj 01, 2019 8:52:36 PM Markets.MarketCalculator mainLoop
INFO: Coin: dgb Z: Bittrex Na: Kucoin
Zysk: 0.0
maj 01, 2019 8:52:36 PM Markets.MarketCalculator mainLoop
INFO: Coin: dgb Z: Bitfinex Na: Kucoin
Zysk: 0.0
maj 01, 2019 8:52:36 PM Markets.MarketCalculator mainLoop
INFO: Coin: dgb Z: Kucoin Na: Bittrex
Zysk: 0.0
maj 01, 2019 8:52:36 PM Markets.MarketCalculator mainLoop
INFO: Coin: dgb Z: Bitfinex Na: Bittrex
Zysk: 0.0
maj 01, 2019 8:52:36 PM Markets.MarketCalculator mainLoop
INFO: Coin: dgb Z: Kucoin Na: Bitfinex
Zysk: 0.0
maj 01, 2019 8:52:36 PM Markets.MarketCalculator mainLoop
INFO: Coin: dgb Z: Bittrex Na: Bitfinex
Zysk: 0.0
maj 01, 2019 8:52:36 PM Markets.MarketCalculator mainLoop
INFO: Coin: neo Z: Binance Na: Kucoin
Zysk: 0.0
maj 01, 2019 8:52:36 PM Markets.MarketCalculator mainLoop
INFO: Coin: neo Z: Bittrex Na: Kucoin
Zysk: 0.0
maj 01, 2019 8:52:36 PM Markets.MarketCalculator mainLoop
INFO: Coin: neo Z: Bitfinex Na: Kucoin
Zysk: 0.0
maj 01, 2019 8:52:36 PM Markets.MarketCalculator mainLoop
INFO: Coin: neo Z: Kucoin Na: Binance
Zysk: 0.0
maj 01, 2019 8:52:36 PM Markets.MarketCalculator mainLoop
INFO: Coin: neo Z: Bittrex Na: Binance
Zysk: 0.0
maj 01, 2019 8:52:36 PM Markets.MarketCalculator mainLoop
INFO: Coin: neo Z: Bitfinex Na: Binance
Zysk: 0.0
maj 01, 2019 8:52:36 PM Markets.MarketCalculator mainLoop
INFO: Coin: neo Z: Kucoin Na: Bittrex
Zysk: 0.0
maj 01, 2019 8:52:36 PM Markets.MarketCalculator mainLoop
INFO: Coin: neo Z: Binance Na: Bittrex
Zysk: 0.0
maj 01, 2019 8:52:36 PM Markets.MarketCalculator mainLoop
INFO: Coin: neo Z: Bitfinex Na: Bittrex
Zysk: 0.0
maj 01, 2019 8:52:36 PM Markets.MarketCalculator mainLoop
INFO: Coin: neo Z: Kucoin Na: Bitfinex
Zysk: 0.0
maj 01, 2019 8:52:36 PM Markets.MarketCalculator mainLoop
INFO: Coin: neo Z: Binance Na: Bitfinex
Zysk: 0.0
maj 01, 2019 8:52:36 PM Markets.MarketCalculator mainLoop
INFO: Coin: neo Z: Bittrex Na: Bitfinex
Zysk: 0.0
maj 01, 2019 8:52:36 PM Markets.MarketCalculator mainLoop
INFO: Coin: amb Z: Binance Na: Kucoin
Zysk: 0.0
maj 01, 2019 8:52:36 PM Markets.MarketCalculator mainLoop
INFO: Coin: amb Z: Kucoin Na: Binance
Zysk: 0.0
maj 01, 2019 8:52:36 PM Markets.MarketCalculator mainLoop
INFO: Coin: iotx Z: Binance Na: Kucoin
Zysk: 0.0
maj 01, 2019 8:52:36 PM Markets.MarketCalculator mainLoop
INFO: Coin: iotx Z: Bittrex Na: Kucoin
Zysk: 0.0
maj 01, 2019 8:52:36 PM Markets.MarketCalculator mainLoop
INFO: Coin: iotx Z: Kucoin Na: Binance
Zysk: 0.0
maj 01, 2019 8:52:36 PM Markets.MarketCalculator mainLoop
INFO: Coin: iotx Z: Bittrex Na: Binance
Zysk: 0.0
maj 01, 2019 8:52:36 PM Markets.MarketCalculator mainLoop
INFO: Coin: iotx Z: Kucoin Na: Bittrex
Zysk: 0.0
maj 01, 2019 8:52:36 PM Markets.MarketCalculator mainLoop
INFO: Coin: iotx Z: Binance Na: Bittrex
Zysk: 0.0
maj 01, 2019 8:52:36 PM Markets.MarketCalculator mainLoop
INFO: Coin: mkr Z: Bitfinex Na: Kucoin
Zysk: 0.0
maj 01, 2019 8:52:36 PM Markets.MarketCalculator mainLoop
INFO: Coin: mkr Z: Kucoin Na: Bitfinex
Zysk: 0.0
maj 01, 2019 8:52:36 PM Markets.MarketCalculator mainLoop
INFO: Coin: qkc Z: Binance Na: Kucoin
Zysk: 0.0
maj 01, 2019 8:52:36 PM Markets.MarketCalculator mainLoop
INFO: Coin: qkc Z: Kucoin Na: Binance
Zysk: 0.0
maj 01, 2019 8:52:36 PM Markets.MarketCalculator mainLoop
INFO: Coin: elf Z: Binance Na: Kucoin
Zysk: 0.0
maj 01, 2019 8:52:36 PM Markets.MarketCalculator mainLoop
INFO: Coin: elf Z: Bittrex Na: Kucoin
Zysk: 0.0
maj 01, 2019 8:52:36 PM Markets.MarketCalculator mainLoop
INFO: Coin: elf Z: Bitfinex Na: Kucoin
Zysk: 0.0
maj 01, 2019 8:52:36 PM Markets.MarketCalculator mainLoop
INFO: Coin: elf Z: Kucoin Na: Binance
Zysk: 0.0
maj 01, 2019 8:52:36 PM Markets.MarketCalculator mainLoop
INFO: Coin: elf Z: Bittrex Na: Binance
Zysk: 0.0
maj 01, 2019 8:52:36 PM Markets.MarketCalculator mainLoop
INFO: Coin: elf Z: Bitfinex Na: Binance
Zysk: 0.0
maj 01, 2019 8:52:36 PM Markets.MarketCalculator mainLoop
INFO: Coin: elf Z: Kucoin Na: Bittrex
Zysk: 0.0
maj 01, 2019 8:52:36 PM Markets.MarketCalculator mainLoop
INFO: Coin: elf Z: Binance Na: Bittrex
Zysk: 0.0
maj 01, 2019 8:52:36 PM Markets.MarketCalculator mainLoop
INFO: Coin: elf Z: Bitfinex Na: Bittrex
Zysk: 0.0
maj 01, 2019 8:52:36 PM Markets.MarketCalculator mainLoop
INFO: Coin: elf Z: Kucoin Na: Bitfinex
Zysk: 0.0
maj 01, 2019 8:52:36 PM Markets.MarketCalculator mainLoop
INFO: Coin: elf Z: Binance Na: Bitfinex
Zysk: 0.0
maj 01, 2019 8:52:36 PM Markets.MarketCalculator mainLoop
INFO: Coin: elf Z: Bittrex Na: Bitfinex
Zysk: 0.0
maj 01, 2019 8:52:36 PM Markets.MarketCalculator mainLoop
INFO: Coin: fet Z: Binance Na: Kucoin
Zysk: 0.0
maj 01, 2019 8:52:36 PM Markets.MarketCalculator mainLoop
INFO: Coin: fet Z: Kucoin Na: Binance
Zysk: 0.0
maj 01, 2019 8:52:36 PM Markets.MarketCalculator mainLoop
INFO: Coin: ppt Z: Binance Na: Kucoin
Zysk: 0.0
maj 01, 2019 8:52:36 PM Markets.MarketCalculator mainLoop
INFO: Coin: ppt Z: Kucoin Na: Binance
Zysk: 0.0
maj 01, 2019 8:52:36 PM Markets.MarketCalculator mainLoop
INFO: Coin: loom Z: Binance Na: Kucoin
Zysk: 0.0
maj 01, 2019 8:52:36 PM Markets.MarketCalculator mainLoop
INFO: Coin: loom Z: Bittrex Na: Kucoin
Zysk: 0.0
maj 01, 2019 8:52:36 PM Markets.MarketCalculator mainLoop
INFO: Coin: loom Z: Kucoin Na: Binance
Zysk: 0.0
maj 01, 2019 8:52:36 PM Markets.MarketCalculator mainLoop
INFO: Coin: loom Z: Bittrex Na: Binance
Zysk: 0.0
maj 01, 2019 8:52:36 PM Markets.MarketCalculator mainLoop
INFO: Coin: loom Z: Kucoin Na: Bittrex
Zysk: 0.0
maj 01, 2019 8:52:36 PM Markets.MarketCalculator mainLoop
INFO: Coin: loom Z: Binance Na: Bittrex
Zysk: 0.0
maj 01, 2019 8:52:36 PM Markets.MarketCalculator mainLoop
INFO: Coin: iost Z: Binance Na: Kucoin
Zysk: 0.0
maj 01, 2019 8:52:36 PM Markets.MarketCalculator mainLoop
INFO: Coin: iost Z: Bittrex Na: Kucoin
Zysk: 0.0
maj 01, 2019 8:52:36 PM Markets.MarketCalculator mainLoop
INFO: Coin: iost Z: Kucoin Na: Binance
Zysk: 0.0
maj 01, 2019 8:52:36 PM Markets.MarketCalculator mainLoop
INFO: Coin: iost Z: Bittrex Na: Binance
Zysk: 0.0
maj 01, 2019 8:52:36 PM Markets.MarketCalculator mainLoop
INFO: Coin: iost Z: Kucoin Na: Bittrex
Zysk: 0.0
maj 01, 2019 8:52:36 PM Markets.MarketCalculator mainLoop
INFO: Coin: iost Z: Binance Na: Bittrex
Zysk: 0.0
maj 01, 2019 8:52:36 PM Markets.MarketCalculator mainLoop
INFO: Coin: qtum Z: Binance Na: Kucoin
Zysk: 0.0
maj 01, 2019 8:52:36 PM Markets.MarketCalculator mainLoop
INFO: Coin: qtum Z: Bittrex Na: Kucoin
Zysk: 0.0
maj 01, 2019 8:52:36 PM Markets.MarketCalculator mainLoop
INFO: Coin: qtum Z: Kucoin Na: Binance
Zysk: 0.0
maj 01, 2019 8:52:36 PM Markets.MarketCalculator mainLoop
INFO: Coin: qtum Z: Bittrex Na: Binance
Zysk: 0.0
maj 01, 2019 8:52:36 PM Markets.MarketCalculator mainLoop
INFO: Coin: qtum Z: Kucoin Na: Bittrex
Zysk: 0.0
maj 01, 2019 8:52:36 PM Markets.MarketCalculator mainLoop
INFO: Coin: qtum Z: Binance Na: Bittrex
Zysk: 0.0
maj 01, 2019 8:52:36 PM Markets.MarketCalculator mainLoop
INFO: Coin: dash Z: Binance Na: Kucoin
Zysk: 0.0
maj 01, 2019 8:52:36 PM Markets.MarketCalculator mainLoop
INFO: Coin: dash Z: Bittrex Na: Kucoin
Zysk: 0.0
maj 01, 2019 8:52:36 PM Markets.MarketCalculator mainLoop
INFO: Coin: dash Z: Kucoin Na: Binance
Zysk: 0.0
maj 01, 2019 8:52:36 PM Markets.MarketCalculator mainLoop
INFO: Coin: dash Z: Bittrex Na: Binance
Zysk: 0.0
maj 01, 2019 8:52:36 PM Markets.MarketCalculator mainLoop
INFO: Coin: dash Z: Kucoin Na: Bittrex
Zysk: 0.0
maj 01, 2019 8:52:36 PM Markets.MarketCalculator mainLoop
INFO: Coin: dash Z: Binance Na: Bittrex
Zysk: 0.0
maj 01, 2019 8:52:36 PM Markets.MarketCalculator mainLoop
INFO: Coin: gvt Z: Binance Na: Kucoin
Zysk: 0.0
maj 01, 2019 8:52:36 PM Markets.MarketCalculator mainLoop
INFO: Coin: gvt Z: Kucoin Na: Binance
Zysk: 0.0
maj 01, 2019 8:52:36 PM Markets.MarketCalculator mainLoop
INFO: Coin: spnd Z: Bittrex Na: Kucoin
Zysk: 0.0
maj 01, 2019 8:52:36 PM Markets.MarketCalculator mainLoop
INFO: Coin: spnd Z: Kucoin Na: Bittrex
Zysk: 0.0
maj 01, 2019 8:52:36 PM Markets.MarketCalculator mainLoop
INFO: Coin: hot Z: Binance Na: Kucoin
Zysk: 0.0
maj 01, 2019 8:52:36 PM Markets.MarketCalculator mainLoop
INFO: Coin: hot Z: Bitfinex Na: Kucoin
Zysk: 0.0
maj 01, 2019 8:52:36 PM Markets.MarketCalculator mainLoop
INFO: Coin: hot Z: Kucoin Na: Binance
Zysk: 0.0
maj 01, 2019 8:52:36 PM Markets.MarketCalculator mainLoop
INFO: Coin: hot Z: Bitfinex Na: Binance
Zysk: 0.0
maj 01, 2019 8:52:36 PM Markets.MarketCalculator mainLoop
INFO: Coin: hot Z: Kucoin Na: Bitfinex
Zysk: 0.0
maj 01, 2019 8:52:36 PM Markets.MarketCalculator mainLoop
INFO: Coin: hot Z: Binance Na: Bitfinex
Zysk: 0.0
maj 01, 2019 8:52:36 PM Markets.MarketCalculator mainLoop
INFO: Coin: utk Z: Bitfinex Na: Kucoin
Zysk: 0.0
maj 01, 2019 8:52:36 PM Markets.MarketCalculator mainLoop
INFO: Coin: utk Z: Kucoin Na: Bitfinex
Zysk: 0.0
maj 01, 2019 8:52:36 PM Markets.MarketCalculator mainLoop
INFO: Coin: wtc Z: Binance Na: Kucoin
Zysk: 0.0
maj 01, 2019 8:52:36 PM Markets.MarketCalculator mainLoop
INFO: Coin: wtc Z: Bitfinex Na: Kucoin
Zysk: 0.0
maj 01, 2019 8:52:36 PM Markets.MarketCalculator mainLoop
INFO: Coin: wtc Z: Kucoin Na: Binance
Zysk: 0.0
maj 01, 2019 8:52:36 PM Markets.MarketCalculator mainLoop
INFO: Coin: wtc Z: Bitfinex Na: Binance
Zysk: 0.0
maj 01, 2019 8:52:36 PM Markets.MarketCalculator mainLoop
INFO: Coin: wtc Z: Kucoin Na: Bitfinex
Zysk: 0.0
maj 01, 2019 8:52:36 PM Markets.MarketCalculator mainLoop
INFO: Coin: wtc Z: Binance Na: Bitfinex
Zysk: 0.0
maj 01, 2019 8:52:36 PM Markets.MarketCalculator mainLoop
INFO: Coin: dcr Z: Binance Na: Kucoin
Zysk: 0.0
maj 01, 2019 8:52:36 PM Markets.MarketCalculator mainLoop
INFO: Coin: dcr Z: Kucoin Na: Binance
Zysk: 0.0
maj 01, 2019 8:52:36 PM Markets.MarketCalculator mainLoop
INFO: Coin: xmr Z: Binance Na: Kucoin
Zysk: 0.0
maj 01, 2019 8:52:36 PM Markets.MarketCalculator mainLoop
INFO: Coin: xmr Z: Bittrex Na: Kucoin
Zysk: 0.0
maj 01, 2019 8:52:36 PM Markets.MarketCalculator mainLoop
INFO: Coin: xmr Z: Bitfinex Na: Kucoin
Zysk: 0.0
maj 01, 2019 8:52:36 PM Markets.MarketCalculator mainLoop
INFO: Coin: xmr Z: Kucoin Na: Binance
Zysk: 0.0
maj 01, 2019 8:52:36 PM Markets.MarketCalculator mainLoop
INFO: Coin: xmr Z: Bittrex Na: Binance
Zysk: 0.0
maj 01, 2019 8:52:36 PM Markets.MarketCalculator mainLoop
INFO: Coin: xmr Z: Bitfinex Na: Binance
Zysk: 0.0
maj 01, 2019 8:52:36 PM Markets.MarketCalculator mainLoop
INFO: Coin: xmr Z: Kucoin Na: Bittrex
Zysk: 0.0
maj 01, 2019 8:52:36 PM Markets.MarketCalculator mainLoop
INFO: Coin: xmr Z: Binance Na: Bittrex
Zysk: 0.0
maj 01, 2019 8:52:36 PM Markets.MarketCalculator mainLoop
INFO: Coin: xmr Z: Bitfinex Na: Bittrex
Zysk: 0.0
maj 01, 2019 8:52:36 PM Markets.MarketCalculator mainLoop
INFO: Coin: xmr Z: Kucoin Na: Bitfinex
Zysk: 0.0
maj 01, 2019 8:52:36 PM Markets.MarketCalculator mainLoop
INFO: Coin: xmr Z: Binance Na: Bitfinex
Zysk: 0.0
maj 01, 2019 8:52:36 PM Markets.MarketCalculator mainLoop
INFO: Coin: xmr Z: Bittrex Na: Bitfinex
Zysk: 0.0
maj 01, 2019 8:52:36 PM Markets.MarketCalculator mainLoop
INFO: Coin: cvc Z: Binance Na: Kucoin
Zysk: 0.0
maj 01, 2019 8:52:36 PM Markets.MarketCalculator mainLoop
INFO: Coin: cvc Z: Bittrex Na: Kucoin
Zysk: 0.0
maj 01, 2019 8:52:36 PM Markets.MarketCalculator mainLoop
INFO: Coin: cvc Z: Kucoin Na: Binance
Zysk: 0.0
maj 01, 2019 8:52:36 PM Markets.MarketCalculator mainLoop
INFO: Coin: cvc Z: Bittrex Na: Binance
Zysk: 0.0
maj 01, 2019 8:52:36 PM Markets.MarketCalculator mainLoop
INFO: Coin: cvc Z: Kucoin Na: Bittrex
Zysk: 0.0
maj 01, 2019 8:52:36 PM Markets.MarketCalculator mainLoop
INFO: Coin: cvc Z: Binance Na: Bittrex
Zysk: 0.0
maj 01, 2019 8:52:36 PM Markets.MarketCalculator mainLoop
INFO: Coin: npxs Z: Binance Na: Kucoin
Zysk: 0.0
maj 01, 2019 8:52:36 PM Markets.MarketCalculator mainLoop
INFO: Coin: npxs Z: Bittrex Na: Kucoin
Zysk: 0.0
maj 01, 2019 8:52:36 PM Markets.MarketCalculator mainLoop
INFO: Coin: npxs Z: Kucoin Na: Binance
Zysk: 0.0
maj 01, 2019 8:52:36 PM Markets.MarketCalculator mainLoop
INFO: Coin: npxs Z: Bittrex Na: Binance
Zysk: 0.0
maj 01, 2019 8:52:36 PM Markets.MarketCalculator mainLoop
INFO: Coin: npxs Z: Kucoin Na: Bittrex
Zysk: 0.0
maj 01, 2019 8:52:36 PM Markets.MarketCalculator mainLoop
INFO: Coin: npxs Z: Binance Na: Bittrex
Zysk: 0.0
maj 01, 2019 8:52:36 PM Markets.MarketCalculator mainLoop
INFO: Coin: pay Z: Bittrex Na: Kucoin
Zysk: 0.0
maj 01, 2019 8:52:36 PM Markets.MarketCalculator mainLoop
INFO: Coin: pay Z: Kucoin Na: Bittrex
Zysk: 0.0
maj 01, 2019 8:52:36 PM Markets.MarketCalculator mainLoop
INFO: Coin: pax Z: Binance Na: Kucoin
Zysk: 0.0
maj 01, 2019 8:52:36 PM Markets.MarketCalculator mainLoop
INFO: Coin: pax Z: Bittrex Na: Kucoin
Zysk: 0.0
maj 01, 2019 8:52:36 PM Markets.MarketCalculator mainLoop
INFO: Coin: pax Z: Bitfinex Na: Kucoin
Zysk: 0.0
maj 01, 2019 8:52:36 PM Markets.MarketCalculator mainLoop
INFO: Coin: pax Z: Kucoin Na: Binance
Zysk: 0.0
maj 01, 2019 8:52:36 PM Markets.MarketCalculator mainLoop
INFO: Coin: pax Z: Bittrex Na: Binance
Zysk: 0.0
maj 01, 2019 8:52:36 PM Markets.MarketCalculator mainLoop
INFO: Coin: pax Z: Bitfinex Na: Binance
Zysk: 0.0
maj 01, 2019 8:52:36 PM Markets.MarketCalculator mainLoop
INFO: Coin: pax Z: Kucoin Na: Bittrex
Zysk: 0.0
maj 01, 2019 8:52:36 PM Markets.MarketCalculator mainLoop
INFO: Coin: pax Z: Binance Na: Bittrex
Zysk: 0.0
maj 01, 2019 8:52:36 PM Markets.MarketCalculator mainLoop
INFO: Coin: pax Z: Bitfinex Na: Bittrex
Zysk: 0.0
maj 01, 2019 8:52:36 PM Markets.MarketCalculator mainLoop
INFO: Coin: pax Z: Kucoin Na: Bitfinex
Zysk: 0.0
maj 01, 2019 8:52:36 PM Markets.MarketCalculator mainLoop
INFO: Coin: pax Z: Binance Na: Bitfinex
Zysk: 0.0
maj 01, 2019 8:52:36 PM Markets.MarketCalculator mainLoop
INFO: Coin: pax Z: Bittrex Na: Bitfinex
Zysk: 0.0
maj 01, 2019 8:52:36 PM Markets.MarketCalculator mainLoop
INFO: Coin: solve Z: Bittrex Na: Kucoin
Zysk: 0.0
maj 01, 2019 8:52:36 PM Markets.MarketCalculator mainLoop
INFO: Coin: solve Z: Kucoin Na: Bittrex
Zysk: 0.0
maj 01, 2019 8:52:36 PM Markets.MarketCalculator mainLoop
INFO: Coin: powr Z: Binance Na: Kucoin
Zysk: 0.0
maj 01, 2019 8:52:36 PM Markets.MarketCalculator mainLoop
INFO: Coin: powr Z: Bittrex Na: Kucoin
Zysk: 0.0
maj 01, 2019 8:52:36 PM Markets.MarketCalculator mainLoop
INFO: Coin: powr Z: Kucoin Na: Binance
Zysk: 0.0
maj 01, 2019 8:52:36 PM Markets.MarketCalculator mainLoop
INFO: Coin: powr Z: Bittrex Na: Binance
Zysk: 0.0
maj 01, 2019 8:52:36 PM Markets.MarketCalculator mainLoop
INFO: Coin: powr Z: Kucoin Na: Bittrex
Zysk: 0.0
maj 01, 2019 8:52:36 PM Markets.MarketCalculator mainLoop
INFO: Coin: powr Z: Binance Na: Bittrex
Zysk: -1.1071841684219734
maj 01, 2019 8:52:36 PM Markets.MarketCalculator mainLoop
INFO: Coin: mtn Z: Bitfinex Na: Kucoin
Zysk: 0.0
maj 01, 2019 8:52:36 PM Markets.MarketCalculator mainLoop
INFO: Coin: mtn Z: Kucoin Na: Bitfinex
Zysk: 0.0
maj 01, 2019 8:52:36 PM Markets.MarketCalculator mainLoop
INFO: Coin: bcd Z: Binance Na: Kucoin
Zysk: 0.0
maj 01, 2019 8:52:36 PM Markets.MarketCalculator mainLoop
INFO: Coin: bcd Z: Kucoin Na: Binance
Zysk: 0.0
maj 01, 2019 8:52:36 PM Markets.MarketCalculator mainLoop
INFO: Coin: dock Z: Binance Na: Kucoin
Zysk: 0.0
maj 01, 2019 8:52:36 PM Markets.MarketCalculator mainLoop
INFO: Coin: dock Z: Kucoin Na: Binance
Zysk: 0.0
maj 01, 2019 8:52:36 PM Markets.MarketCalculator mainLoop
INFO: Coin: aergo Z: Bittrex Na: Kucoin
Zysk: 0.0
maj 01, 2019 8:52:36 PM Markets.MarketCalculator mainLoop
INFO: Coin: aergo Z: Kucoin Na: Bittrex
Zysk: 0.0
maj 01, 2019 8:52:36 PM Markets.MarketCalculator mainLoop
INFO: Coin: xlm Z: Binance Na: Kucoin
Zysk: 0.0
maj 01, 2019 8:52:36 PM Markets.MarketCalculator mainLoop
INFO: Coin: xlm Z: Bittrex Na: Kucoin
Zysk: 0.0
maj 01, 2019 8:52:36 PM Markets.MarketCalculator mainLoop
INFO: Coin: xlm Z: Bitfinex Na: Kucoin
Zysk: 0.0
maj 01, 2019 8:52:36 PM Markets.MarketCalculator mainLoop
INFO: Coin: xlm Z: Kucoin Na: Binance
Zysk: 0.0
maj 01, 2019 8:52:36 PM Markets.MarketCalculator mainLoop
INFO: Coin: xlm Z: Bittrex Na: Binance
Zysk: 0.0
maj 01, 2019 8:52:36 PM Markets.MarketCalculator mainLoop
INFO: Coin: xlm Z: Bitfinex Na: Binance
Zysk: 0.0
maj 01, 2019 8:52:36 PM Markets.MarketCalculator mainLoop
INFO: Coin: xlm Z: Kucoin Na: Bittrex
Zysk: 0.0
maj 01, 2019 8:52:36 PM Markets.MarketCalculator mainLoop
INFO: Coin: xlm Z: Binance Na: Bittrex
Zysk: -0.28198221093665005
maj 01, 2019 8:52:36 PM Markets.MarketCalculator mainLoop
INFO: Coin: xlm Z: Bitfinex Na: Bittrex
Zysk: 0.0
maj 01, 2019 8:52:36 PM Markets.MarketCalculator mainLoop
INFO: Coin: xlm Z: Kucoin Na: Bitfinex
Zysk: 0.0
maj 01, 2019 8:52:36 PM Markets.MarketCalculator mainLoop
INFO: Coin: xlm Z: Binance Na: Bitfinex
Zysk: 0.0
maj 01, 2019 8:52:36 PM Markets.MarketCalculator mainLoop
INFO: Coin: xlm Z: Bittrex Na: Bitfinex
Zysk: 0.0
maj 01, 2019 8:52:36 PM Markets.MarketCalculator mainLoop
INFO: Coin: eth Z: Binance Na: Kucoin
Zysk: 0.0
maj 01, 2019 8:52:36 PM Markets.MarketCalculator mainLoop
INFO: Coin: eth Z: Bittrex Na: Kucoin
Zysk: 0.0
maj 01, 2019 8:52:36 PM Markets.MarketCalculator mainLoop
INFO: Coin: eth Z: Bitfinex Na: Kucoin
Zysk: 0.0
maj 01, 2019 8:52:36 PM Markets.MarketCalculator mainLoop
INFO: Coin: eth Z: Kucoin Na: Binance
Zysk: 0.0
maj 01, 2019 8:52:36 PM Markets.MarketCalculator mainLoop
INFO: Coin: eth Z: Bittrex Na: Binance
Zysk: 0.0
maj 01, 2019 8:52:36 PM Markets.MarketCalculator mainLoop
INFO: Coin: eth Z: Bitfinex Na: Binance
Zysk: 0.0
maj 01, 2019 8:52:36 PM Markets.MarketCalculator mainLoop
INFO: Coin: eth Z: Kucoin Na: Bittrex
Zysk: 0.0
maj 01, 2019 8:52:36 PM Markets.MarketCalculator mainLoop
INFO: Coin: eth Z: Binance Na: Bittrex
Zysk: -1.7997237014007326
maj 01, 2019 8:52:36 PM Markets.MarketCalculator mainLoop
INFO: Coin: eth Z: Bitfinex Na: Bittrex
Zysk: 0.0
maj 01, 2019 8:52:36 PM Markets.MarketCalculator mainLoop
INFO: Coin: eth Z: Kucoin Na: Bitfinex
Zysk: 0.0
maj 01, 2019 8:52:36 PM Markets.MarketCalculator mainLoop
INFO: Coin: eth Z: Binance Na: Bitfinex
Zysk: 0.0
maj 01, 2019 8:52:36 PM Markets.MarketCalculator mainLoop
INFO: Coin: eth Z: Bittrex Na: Bitfinex
Zysk: 0.0
maj 01, 2019 8:52:36 PM Markets.MarketCalculator mainLoop
INFO: Coin: etc Z: Binance Na: Kucoin
Zysk: 0.0
maj 01, 2019 8:52:36 PM Markets.MarketCalculator mainLoop
INFO: Coin: etc Z: Bittrex Na: Kucoin
Zysk: 0.0
maj 01, 2019 8:52:36 PM Markets.MarketCalculator mainLoop
INFO: Coin: etc Z: Bitfinex Na: Kucoin
Zysk: 0.0
maj 01, 2019 8:52:36 PM Markets.MarketCalculator mainLoop
INFO: Coin: etc Z: Kucoin Na: Binance
Zysk: 0.0
maj 01, 2019 8:52:36 PM Markets.MarketCalculator mainLoop
INFO: Coin: etc Z: Bittrex Na: Binance
Zysk: 0.0
maj 01, 2019 8:52:36 PM Markets.MarketCalculator mainLoop
INFO: Coin: etc Z: Bitfinex Na: Binance
Zysk: 0.0
maj 01, 2019 8:52:36 PM Markets.MarketCalculator mainLoop
INFO: Coin: etc Z: Kucoin Na: Bittrex
Zysk: 0.0
maj 01, 2019 8:52:36 PM Markets.MarketCalculator mainLoop
INFO: Coin: etc Z: Binance Na: Bittrex
Zysk: 0.0
maj 01, 2019 8:52:36 PM Markets.MarketCalculator mainLoop
INFO: Coin: etc Z: Bitfinex Na: Bittrex
Zysk: 0.0
maj 01, 2019 8:52:36 PM Markets.MarketCalculator mainLoop
INFO: Coin: etc Z: Kucoin Na: Bitfinex
Zysk: 0.0
maj 01, 2019 8:52:36 PM Markets.MarketCalculator mainLoop
INFO: Coin: etc Z: Binance Na: Bitfinex
Zysk: 0.0
maj 01, 2019 8:52:36 PM Markets.MarketCalculator mainLoop
INFO: Coin: etc Z: Bittrex Na: Bitfinex
Zysk: 0.0
maj 01, 2019 8:52:36 PM Markets.MarketCalculator mainLoop
INFO: Coin: dat Z: Bitfinex Na: Kucoin
Zysk: 0.0
maj 01, 2019 8:52:36 PM Markets.MarketCalculator mainLoop
INFO: Coin: dat Z: Kucoin Na: Bitfinex
Zysk: 0.0
maj 01, 2019 8:52:36 PM Markets.MarketCalculator mainLoop
INFO: Coin: lym Z: Bitfinex Na: Kucoin
Zysk: 0.0
maj 01, 2019 8:52:36 PM Markets.MarketCalculator mainLoop
INFO: Coin: lym Z: Kucoin Na: Bitfinex
Zysk: 0.0
maj 01, 2019 8:52:36 PM Markets.MarketCalculator mainLoop
INFO: Coin: srn Z: Bittrex Na: Kucoin
Zysk: 0.0
maj 01, 2019 8:52:36 PM Markets.MarketCalculator mainLoop
INFO: Coin: srn Z: Kucoin Na: Bittrex
Zysk: 0.0
maj 01, 2019 8:52:36 PM Markets.MarketCalculator mainLoop
INFO: Coin: dai Z: Bitfinex Na: Kucoin
Zysk: 0.0
maj 01, 2019 8:52:36 PM Markets.MarketCalculator mainLoop
INFO: Coin: dai Z: Kucoin Na: Bitfinex
Zysk: 0.0
maj 01, 2019 8:52:36 PM Markets.MarketCalculator mainLoop
INFO: Coin: trac Z: Bittrex Na: Kucoin
Zysk: 0.0
maj 01, 2019 8:52:36 PM Markets.MarketCalculator mainLoop
INFO: Coin: trac Z: Kucoin Na: Bittrex
Zysk: 0.0
maj 01, 2019 8:52:36 PM Markets.MarketCalculator mainLoop
INFO: Coin: tusd Z: Binance Na: Kucoin
Zysk: 0.0
maj 01, 2019 8:52:36 PM Markets.MarketCalculator mainLoop
INFO: Coin: tusd Z: Bittrex Na: Kucoin
Zysk: 0.0
maj 01, 2019 8:52:36 PM Markets.MarketCalculator mainLoop
INFO: Coin: tusd Z: Kucoin Na: Binance
Zysk: 0.0
maj 01, 2019 8:52:36 PM Markets.MarketCalculator mainLoop
INFO: Coin: tusd Z: Bittrex Na: Binance
Zysk: 0.0
maj 01, 2019 8:52:36 PM Markets.MarketCalculator mainLoop
INFO: Coin: tusd Z: Kucoin Na: Bittrex
Zysk: 0.0
maj 01, 2019 8:52:36 PM Markets.MarketCalculator mainLoop
INFO: Coin: tusd Z: Binance Na: Bittrex
Zysk: 0.0
maj 01, 2019 8:52:36 PM Markets.MarketCalculator mainLoop
INFO: Coin: grs Z: Bittrex Na: Binance
Zysk: 0.0
maj 01, 2019 8:52:36 PM Markets.MarketCalculator mainLoop
INFO: Coin: grs Z: Binance Na: Bittrex
Zysk: 0.0
maj 01, 2019 8:52:36 PM Markets.MarketCalculator mainLoop
INFO: Coin: wpr Z: Bitfinex Na: Binance
Zysk: 0.0
maj 01, 2019 8:52:36 PM Markets.MarketCalculator mainLoop
INFO: Coin: wpr Z: Binance Na: Bitfinex
Zysk: 0.0
maj 01, 2019 8:52:36 PM Markets.MarketCalculator mainLoop
INFO: Coin: xvg Z: Bittrex Na: Binance
Zysk: 0.0
maj 01, 2019 8:52:36 PM Markets.MarketCalculator mainLoop
INFO: Coin: xvg Z: Bitfinex Na: Binance
Zysk: 0.0
maj 01, 2019 8:52:36 PM Markets.MarketCalculator mainLoop
INFO: Coin: xvg Z: Binance Na: Bittrex
Zysk: 0.0
maj 01, 2019 8:52:36 PM Markets.MarketCalculator mainLoop
INFO: Coin: xvg Z: Bitfinex Na: Bittrex
Zysk: 0.0
maj 01, 2019 8:52:36 PM Markets.MarketCalculator mainLoop
INFO: Coin: xvg Z: Binance Na: Bitfinex
Zysk: 0.0
maj 01, 2019 8:52:36 PM Markets.MarketCalculator mainLoop
INFO: Coin: xvg Z: Bittrex Na: Bitfinex
Zysk: 0.0
maj 01, 2019 8:52:36 PM Markets.MarketCalculator mainLoop
INFO: Coin: rvn Z: Bittrex Na: Binance
Zysk: -0.2882886054609244
maj 01, 2019 8:52:36 PM Markets.MarketCalculator mainLoop
INFO: Coin: rvn Z: Binance Na: Bittrex
Zysk: 0.0
maj 01, 2019 8:52:36 PM Markets.MarketCalculator mainLoop
INFO: Coin: vib Z: Bittrex Na: Binance
Zysk: 0.0
maj 01, 2019 8:52:36 PM Markets.MarketCalculator mainLoop
INFO: Coin: vib Z: Binance Na: Bittrex
Zysk: 0.0
maj 01, 2019 8:52:36 PM Markets.MarketCalculator mainLoop
INFO: Coin: via Z: Bittrex Na: Binance
Zysk: 0.0
maj 01, 2019 8:52:36 PM Markets.MarketCalculator mainLoop
INFO: Coin: via Z: Binance Na: Bittrex
Zysk: 0.0
maj 01, 2019 8:52:36 PM Markets.MarketCalculator mainLoop
INFO: Coin: edo Z: Bitfinex Na: Binance
Zysk: 0.0
maj 01, 2019 8:52:36 PM Markets.MarketCalculator mainLoop
INFO: Coin: edo Z: Binance Na: Bitfinex
Zysk: 0.0
maj 01, 2019 8:52:36 PM Markets.MarketCalculator mainLoop
INFO: Coin: mco Z: Bittrex Na: Binance
Zysk: 0.0
maj 01, 2019 8:52:36 PM Markets.MarketCalculator mainLoop
INFO: Coin: mco Z: Binance Na: Bittrex
Zysk: -5.412650658253396
maj 01, 2019 8:52:36 PM Markets.MarketCalculator mainLoop
INFO: Coin: adx Z: Bittrex Na: Binance
Zysk: 0.0
maj 01, 2019 8:52:36 PM Markets.MarketCalculator mainLoop
INFO: Coin: adx Z: Binance Na: Bittrex
Zysk: 0.0
maj 01, 2019 8:52:36 PM Markets.MarketCalculator mainLoop
INFO: Coin: lun Z: Bittrex Na: Binance
Zysk: 0.0
maj 01, 2019 8:52:36 PM Markets.MarketCalculator mainLoop
INFO: Coin: lun Z: Binance Na: Bittrex
Zysk: 0.0
maj 01, 2019 8:52:36 PM Markets.MarketCalculator mainLoop
INFO: Coin: ada Z: Bittrex Na: Binance
Zysk: -0.3354332479999989
maj 01, 2019 8:52:36 PM Markets.MarketCalculator mainLoop
INFO: Coin: ada Z: Binance Na: Bittrex
Zysk: 0.0
maj 01, 2019 8:52:36 PM Markets.MarketCalculator mainLoop
INFO: Coin: fun Z: Bittrex Na: Binance
Zysk: 0.0
maj 01, 2019 8:52:36 PM Markets.MarketCalculator mainLoop
INFO: Coin: fun Z: Bitfinex Na: Binance
Zysk: 0.0
maj 01, 2019 8:52:36 PM Markets.MarketCalculator mainLoop
INFO: Coin: fun Z: Binance Na: Bittrex
Zysk: 0.0
maj 01, 2019 8:52:36 PM Markets.MarketCalculator mainLoop
INFO: Coin: fun Z: Bitfinex Na: Bittrex
Zysk: 0.0
maj 01, 2019 8:52:36 PM Markets.MarketCalculator mainLoop
INFO: Coin: fun Z: Binance Na: Bitfinex
Zysk: 0.0
maj 01, 2019 8:52:36 PM Markets.MarketCalculator mainLoop
INFO: Coin: fun Z: Bittrex Na: Bitfinex
Zysk: 0.0
maj 01, 2019 8:52:36 PM Markets.MarketCalculator mainLoop
INFO: Coin: ong Z: Bittrex Na: Binance
Zysk: 0.0
maj 01, 2019 8:52:36 PM Markets.MarketCalculator mainLoop
INFO: Coin: ong Z: Binance Na: Bittrex
Zysk: 0.0
maj 01, 2019 8:52:36 PM Markets.MarketCalculator mainLoop
INFO: Coin: gnt Z: Bittrex Na: Binance
Zysk: 0.0
maj 01, 2019 8:52:36 PM Markets.MarketCalculator mainLoop
INFO: Coin: gnt Z: Bitfinex Na: Binance
Zysk: 0.0
maj 01, 2019 8:52:36 PM Markets.MarketCalculator mainLoop
INFO: Coin: gnt Z: Binance Na: Bittrex
Zysk: 0.0
maj 01, 2019 8:52:36 PM Markets.MarketCalculator mainLoop
INFO: Coin: gnt Z: Bitfinex Na: Bittrex
Zysk: 0.0
maj 01, 2019 8:52:36 PM Markets.MarketCalculator mainLoop
INFO: Coin: gnt Z: Binance Na: Bitfinex
Zysk: 0.0
maj 01, 2019 8:52:36 PM Markets.MarketCalculator mainLoop
INFO: Coin: gnt Z: Bittrex Na: Bitfinex
Zysk: 0.0
maj 01, 2019 8:52:36 PM Markets.MarketCalculator mainLoop
INFO: Coin: eng Z: Bittrex Na: Binance
Zysk: 0.0
maj 01, 2019 8:52:36 PM Markets.MarketCalculator mainLoop
INFO: Coin: eng Z: Binance Na: Bittrex
Zysk: 0.0
maj 01, 2019 8:52:36 PM Markets.MarketCalculator mainLoop
INFO: Coin: usds Z: Bittrex Na: Binance
Zysk: 0.0
maj 01, 2019 8:52:36 PM Markets.MarketCalculator mainLoop
INFO: Coin: usds Z: Binance Na: Bittrex
Zysk: 0.0
maj 01, 2019 8:52:36 PM Markets.MarketCalculator mainLoop
INFO: Coin: bts Z: Bittrex Na: Binance
Zysk: 0.0
maj 01, 2019 8:52:36 PM Markets.MarketCalculator mainLoop
INFO: Coin: bts Z: Binance Na: Bittrex
Zysk: -0.8304902916789743
maj 01, 2019 8:52:36 PM Markets.MarketCalculator mainLoop
INFO: Coin: zen Z: Bittrex Na: Binance
Zysk: 0.0
maj 01, 2019 8:52:36 PM Markets.MarketCalculator mainLoop
INFO: Coin: zen Z: Binance Na: Bittrex
Zysk: -0.1661041976651188
maj 01, 2019 8:52:36 PM Markets.MarketCalculator mainLoop
INFO: Coin: cnd Z: Bittrex Na: Binance
Zysk: 0.0
maj 01, 2019 8:52:36 PM Markets.MarketCalculator mainLoop
INFO: Coin: cnd Z: Bitfinex Na: Binance
Zysk: 0.0
maj 01, 2019 8:52:36 PM Markets.MarketCalculator mainLoop
INFO: Coin: cnd Z: Binance Na: Bittrex
Zysk: 0.0
maj 01, 2019 8:52:36 PM Markets.MarketCalculator mainLoop
INFO: Coin: cnd Z: Bitfinex Na: Bittrex
Zysk: 0.0
maj 01, 2019 8:52:36 PM Markets.MarketCalculator mainLoop
INFO: Coin: cnd Z: Binance Na: Bitfinex
Zysk: 0.0
maj 01, 2019 8:52:36 PM Markets.MarketCalculator mainLoop
INFO: Coin: cnd Z: Bittrex Na: Bitfinex
Zysk: 0.0
maj 01, 2019 8:52:36 PM Markets.MarketCalculator mainLoop
INFO: Coin: sc Z: Bittrex Na: Binance
Zysk: 0.0
maj 01, 2019 8:52:36 PM Markets.MarketCalculator mainLoop
INFO: Coin: sc Z: Binance Na: Bittrex
Zysk: 0.0
maj 01, 2019 8:52:36 PM Markets.MarketCalculator mainLoop
INFO: Coin: kmd Z: Bittrex Na: Binance
Zysk: -0.5330961719355296
maj 01, 2019 8:52:36 PM Markets.MarketCalculator mainLoop
INFO: Coin: kmd Z: Binance Na: Bittrex
Zysk: 0.0
maj 01, 2019 8:52:36 PM Markets.MarketCalculator mainLoop
INFO: Coin: xem Z: Bittrex Na: Binance
Zysk: 0.0
maj 01, 2019 8:52:36 PM Markets.MarketCalculator mainLoop
INFO: Coin: xem Z: Binance Na: Bittrex
Zysk: -0.45962621656976826
maj 01, 2019 8:52:36 PM Markets.MarketCalculator mainLoop
INFO: Coin: btg Z: Bitfinex Na: Binance
Zysk: 0.0
maj 01, 2019 8:52:36 PM Markets.MarketCalculator mainLoop
INFO: Coin: btg Z: Binance Na: Bitfinex
Zysk: 0.0
maj 01, 2019 8:52:36 PM Markets.MarketCalculator mainLoop
INFO: Coin: zec Z: Bittrex Na: Binance
Zysk: 0.0
maj 01, 2019 8:52:36 PM Markets.MarketCalculator mainLoop
INFO: Coin: zec Z: Bitfinex Na: Binance
Zysk: 0.0
maj 01, 2019 8:52:36 PM Markets.MarketCalculator mainLoop
INFO: Coin: zec Z: Binance Na: Bittrex
Zysk: 0.0
maj 01, 2019 8:52:36 PM Markets.MarketCalculator mainLoop
INFO: Coin: zec Z: Bitfinex Na: Bittrex
Zysk: 0.0
maj 01, 2019 8:52:36 PM Markets.MarketCalculator mainLoop
INFO: Coin: zec Z: Binance Na: Bitfinex
Zysk: 0.0
maj 01, 2019 8:52:36 PM Markets.MarketCalculator mainLoop
INFO: Coin: zec Z: Bittrex Na: Bitfinex
Zysk: 0.0
maj 01, 2019 8:52:36 PM Markets.MarketCalculator mainLoop
INFO: Coin: bcpt Z: Bittrex Na: Binance
Zysk: 0.0
maj 01, 2019 8:52:36 PM Markets.MarketCalculator mainLoop
INFO: Coin: bcpt Z: Binance Na: Bittrex
Zysk: 0.0
maj 01, 2019 8:52:36 PM Markets.MarketCalculator mainLoop
INFO: Coin: ncash Z: Bittrex Na: Binance
Zysk: 0.0
maj 01, 2019 8:52:36 PM Markets.MarketCalculator mainLoop
INFO: Coin: ncash Z: Binance Na: Bittrex
Zysk: 0.0
maj 01, 2019 8:52:36 PM Markets.MarketCalculator mainLoop
INFO: Coin: dgd Z: Bittrex Na: Binance
Zysk: 0.0
maj 01, 2019 8:52:36 PM Markets.MarketCalculator mainLoop
INFO: Coin: dgd Z: Binance Na: Bittrex
Zysk: 0.0
maj 01, 2019 8:52:36 PM Markets.MarketCalculator mainLoop
INFO: Coin: salt Z: Bittrex Na: Binance
Zysk: 0.0
maj 01, 2019 8:52:36 PM Markets.MarketCalculator mainLoop
INFO: Coin: salt Z: Binance Na: Bittrex
Zysk: 0.0
maj 01, 2019 8:52:36 PM Markets.MarketCalculator mainLoop
INFO: Coin: rep Z: Bittrex Na: Binance
Zysk: 0.0
maj 01, 2019 8:52:36 PM Markets.MarketCalculator mainLoop
INFO: Coin: rep Z: Bitfinex Na: Binance
Zysk: 0.0
maj 01, 2019 8:52:36 PM Markets.MarketCalculator mainLoop
INFO: Coin: rep Z: Binance Na: Bittrex
Zysk: 0.0
maj 01, 2019 8:52:36 PM Markets.MarketCalculator mainLoop
INFO: Coin: rep Z: Bitfinex Na: Bittrex
Zysk: 0.0
maj 01, 2019 8:52:36 PM Markets.MarketCalculator mainLoop
INFO: Coin: rep Z: Binance Na: Bitfinex
Zysk: 0.0
maj 01, 2019 8:52:36 PM Markets.MarketCalculator mainLoop
INFO: Coin: rep Z: Bittrex Na: Bitfinex
Zysk: 0.0
maj 01, 2019 8:52:36 PM Markets.MarketCalculator mainLoop
INFO: Coin: strat Z: Bittrex Na: Binance
Zysk: 0.0
maj 01, 2019 8:52:36 PM Markets.MarketCalculator mainLoop
INFO: Coin: strat Z: Binance Na: Bittrex
Zysk: 0.0
maj 01, 2019 8:52:36 PM Markets.MarketCalculator mainLoop
INFO: Coin: lrc Z: Bittrex Na: Binance
Zysk: 0.0
maj 01, 2019 8:52:36 PM Markets.MarketCalculator mainLoop
INFO: Coin: lrc Z: Bitfinex Na: Binance
Zysk: 0.0
maj 01, 2019 8:52:36 PM Markets.MarketCalculator mainLoop
INFO: Coin: lrc Z: Binance Na: Bittrex
Zysk: 0.0
maj 01, 2019 8:52:36 PM Markets.MarketCalculator mainLoop
INFO: Coin: lrc Z: Bitfinex Na: Bittrex
Zysk: 0.0
maj 01, 2019 8:52:36 PM Markets.MarketCalculator mainLoop
INFO: Coin: lrc Z: Binance Na: Bitfinex
Zysk: 0.0
maj 01, 2019 8:52:36 PM Markets.MarketCalculator mainLoop
INFO: Coin: lrc Z: Bittrex Na: Bitfinex
Zysk: 0.0
maj 01, 2019 8:52:36 PM Markets.MarketCalculator mainLoop
INFO: Coin: wings Z: Bittrex Na: Binance
Zysk: 0.0
maj 01, 2019 8:52:36 PM Markets.MarketCalculator mainLoop
INFO: Coin: wings Z: Binance Na: Bittrex
Zysk: 0.0
maj 01, 2019 8:52:36 PM Markets.MarketCalculator mainLoop
INFO: Coin: rdn Z: Bitfinex Na: Binance
Zysk: 0.0
maj 01, 2019 8:52:36 PM Markets.MarketCalculator mainLoop
INFO: Coin: rdn Z: Binance Na: Bitfinex
Zysk: 0.0
maj 01, 2019 8:52:36 PM Markets.MarketCalculator mainLoop
INFO: Coin: ardr Z: Bittrex Na: Binance
Zysk: 0.0
maj 01, 2019 8:52:36 PM Markets.MarketCalculator mainLoop
INFO: Coin: ardr Z: Binance Na: Bittrex
Zysk: -0.11291458838901798
maj 01, 2019 8:52:36 PM Markets.MarketCalculator mainLoop
INFO: Coin: rcn Z: Bittrex Na: Binance
Zysk: -935.5923632562634
maj 01, 2019 8:52:36 PM Markets.MarketCalculator mainLoop
INFO: Coin: rcn Z: Bitfinex Na: Binance
Zysk: 0.0
maj 01, 2019 8:52:36 PM Markets.MarketCalculator mainLoop
INFO: Coin: rcn Z: Binance Na: Bittrex
Zysk: 0.0
maj 01, 2019 8:52:36 PM Markets.MarketCalculator mainLoop
INFO: Coin: rcn Z: Bitfinex Na: Bittrex
Zysk: 0.0
maj 01, 2019 8:52:36 PM Markets.MarketCalculator mainLoop
INFO: Coin: rcn Z: Binance Na: Bitfinex
Zysk: 0.0
maj 01, 2019 8:52:36 PM Markets.MarketCalculator mainLoop
INFO: Coin: rcn Z: Bittrex Na: Bitfinex
Zysk: 0.0
maj 01, 2019 8:52:36 PM Markets.MarketCalculator mainLoop
INFO: Coin: storm Z: Bittrex Na: Binance
Zysk: 0.0
maj 01, 2019 8:52:36 PM Markets.MarketCalculator mainLoop
INFO: Coin: storm Z: Binance Na: Bittrex
Zysk: 0.0
maj 01, 2019 8:52:36 PM Markets.MarketCalculator mainLoop
INFO: Coin: atom Z: Bittrex Na: Binance
Zysk: 0.0
maj 01, 2019 8:52:36 PM Markets.MarketCalculator mainLoop
INFO: Coin: atom Z: Binance Na: Bittrex
Zysk: 0.0
maj 01, 2019 8:52:36 PM Markets.MarketCalculator mainLoop
INFO: Coin: storj Z: Bittrex Na: Binance
Zysk: 0.0
maj 01, 2019 8:52:36 PM Markets.MarketCalculator mainLoop
INFO: Coin: storj Z: Binance Na: Bittrex
Zysk: 0.0
maj 01, 2019 8:52:36 PM Markets.MarketCalculator mainLoop
INFO: Coin: poly Z: Bittrex Na: Binance
Zysk: 0.0
maj 01, 2019 8:52:36 PM Markets.MarketCalculator mainLoop
INFO: Coin: poly Z: Binance Na: Bittrex
Zysk: -34.6938633948858
maj 01, 2019 8:52:36 PM Markets.MarketCalculator mainLoop
INFO: Coin: poa Z: Bitfinex Na: Binance
Zysk: 0.0
maj 01, 2019 8:52:36 PM Markets.MarketCalculator mainLoop
INFO: Coin: poa Z: Binance Na: Bitfinex
Zysk: 0.0
maj 01, 2019 8:52:36 PM Markets.MarketCalculator mainLoop
INFO: Coin: tnb Z: Bitfinex Na: Binance
Zysk: 0.0
maj 01, 2019 8:52:36 PM Markets.MarketCalculator mainLoop
INFO: Coin: tnb Z: Binance Na: Bitfinex
Zysk: 0.0
maj 01, 2019 8:52:36 PM Markets.MarketCalculator mainLoop
INFO: Coin: steem Z: Bittrex Na: Binance
Zysk: 0.0
maj 01, 2019 8:52:36 PM Markets.MarketCalculator mainLoop
INFO: Coin: steem Z: Binance Na: Bittrex
Zysk: 0.0
maj 01, 2019 8:52:36 PM Markets.MarketCalculator mainLoop
INFO: Coin: mtl Z: Bittrex Na: Binance
Zysk: 0.0
maj 01, 2019 8:52:36 PM Markets.MarketCalculator mainLoop
INFO: Coin: mtl Z: Binance Na: Bittrex
Zysk: 0.0
maj 01, 2019 8:52:36 PM Markets.MarketCalculator mainLoop
INFO: Coin: cloak Z: Bittrex Na: Binance
Zysk: 0.0
maj 01, 2019 8:52:36 PM Markets.MarketCalculator mainLoop
INFO: Coin: cloak Z: Binance Na: Bittrex
Zysk: 0.0
maj 01, 2019 8:52:36 PM Markets.MarketCalculator mainLoop
INFO: Coin: ost Z: Bittrex Na: Binance
Zysk: 0.0
maj 01, 2019 8:52:36 PM Markets.MarketCalculator mainLoop
INFO: Coin: ost Z: Binance Na: Bittrex
Zysk: 0.0
maj 01, 2019 8:52:36 PM Markets.MarketCalculator mainLoop
INFO: Coin: dnt Z: Bittrex Na: Binance
Zysk: 0.0
maj 01, 2019 8:52:36 PM Markets.MarketCalculator mainLoop
INFO: Coin: dnt Z: Binance Na: Bittrex
Zysk: 0.0
maj 01, 2019 8:52:36 PM Markets.MarketCalculator mainLoop
INFO: Coin: gto Z: Bittrex Na: Binance
Zysk: 0.0
maj 01, 2019 8:52:36 PM Markets.MarketCalculator mainLoop
INFO: Coin: gto Z: Binance Na: Bittrex
Zysk: 0.0
maj 01, 2019 8:52:36 PM Markets.MarketCalculator mainLoop
INFO: Coin: bnt Z: Bittrex Na: Binance
Zysk: -1.462780424185474
maj 01, 2019 8:52:36 PM Markets.MarketCalculator mainLoop
INFO: Coin: bnt Z: Bitfinex Na: Binance
Zysk: 0.0
maj 01, 2019 8:52:36 PM Markets.MarketCalculator mainLoop
INFO: Coin: bnt Z: Binance Na: Bittrex
Zysk: 0.0
maj 01, 2019 8:52:36 PM Markets.MarketCalculator mainLoop
INFO: Coin: bnt Z: Bitfinex Na: Bittrex
Zysk: 0.0
maj 01, 2019 8:52:36 PM Markets.MarketCalculator mainLoop
INFO: Coin: bnt Z: Binance Na: Bitfinex
Zysk: 0.0
maj 01, 2019 8:52:36 PM Markets.MarketCalculator mainLoop
INFO: Coin: bnt Z: Bittrex Na: Bitfinex
Zysk: 0.0
maj 01, 2019 8:52:36 PM Markets.MarketCalculator mainLoop
INFO: Coin: waves Z: Bittrex Na: Binance
Zysk: 0.0
maj 01, 2019 8:52:36 PM Markets.MarketCalculator mainLoop
INFO: Coin: waves Z: Binance Na: Bittrex
Zysk: -0.33656657840724313
maj 01, 2019 8:52:36 PM Markets.MarketCalculator mainLoop
INFO: Coin: sngls Z: Bittrex Na: Binance
Zysk: 0.0
maj 01, 2019 8:52:36 PM Markets.MarketCalculator mainLoop
INFO: Coin: sngls Z: Binance Na: Bittrex
Zysk: 0.0
maj 01, 2019 8:52:36 PM Markets.MarketCalculator mainLoop
INFO: Coin: mft Z: Bittrex Na: Binance
Zysk: 0.0
maj 01, 2019 8:52:36 PM Markets.MarketCalculator mainLoop
INFO: Coin: mft Z: Binance Na: Bittrex
Zysk: 0.0
maj 01, 2019 8:52:36 PM Markets.MarketCalculator mainLoop
INFO: Coin: bat Z: Bittrex Na: Binance
Zysk: 0.0
maj 01, 2019 8:52:36 PM Markets.MarketCalculator mainLoop
INFO: Coin: bat Z: Bitfinex Na: Binance
Zysk: 0.0
maj 01, 2019 8:52:36 PM Markets.MarketCalculator mainLoop
INFO: Coin: bat Z: Binance Na: Bittrex
Zysk: -3.0253602561128363
maj 01, 2019 8:52:36 PM Markets.MarketCalculator mainLoop
INFO: Coin: bat Z: Bitfinex Na: Bittrex
Zysk: 0.0
maj 01, 2019 8:52:36 PM Markets.MarketCalculator mainLoop
INFO: Coin: bat Z: Binance Na: Bitfinex
Zysk: 0.0
maj 01, 2019 8:52:36 PM Markets.MarketCalculator mainLoop
INFO: Coin: bat Z: Bittrex Na: Bitfinex
Zysk: 0.0
maj 01, 2019 8:52:36 PM Markets.MarketCalculator mainLoop
INFO: Coin: rlc Z: Bittrex Na: Binance
Zysk: 0.0
maj 01, 2019 8:52:36 PM Markets.MarketCalculator mainLoop
INFO: Coin: rlc Z: Bitfinex Na: Binance
Zysk: 0.0
maj 01, 2019 8:52:36 PM Markets.MarketCalculator mainLoop
INFO: Coin: rlc Z: Binance Na: Bittrex
Zysk: 0.0
maj 01, 2019 8:52:36 PM Markets.MarketCalculator mainLoop
INFO: Coin: rlc Z: Bitfinex Na: Bittrex
Zysk: 0.0
maj 01, 2019 8:52:36 PM Markets.MarketCalculator mainLoop
INFO: Coin: rlc Z: Binance Na: Bitfinex
Zysk: 0.0
maj 01, 2019 8:52:36 PM Markets.MarketCalculator mainLoop
INFO: Coin: rlc Z: Bittrex Na: Bitfinex
Zysk: 0.0
maj 01, 2019 8:52:36 PM Markets.MarketCalculator mainLoop
INFO: Coin: nxs Z: Bittrex Na: Binance
Zysk: 0.0
maj 01, 2019 8:52:36 PM Markets.MarketCalculator mainLoop
INFO: Coin: nxs Z: Binance Na: Bittrex
Zysk: 0.0
maj 01, 2019 8:52:36 PM Markets.MarketCalculator mainLoop
INFO: Coin: gno Z: Bitfinex Na: Bittrex
Zysk: 0.0
maj 01, 2019 8:52:36 PM Markets.MarketCalculator mainLoop
INFO: Coin: gno Z: Bittrex Na: Bitfinex
Zysk: 0.0
maj 01, 2019 8:52:36 PM Markets.MarketCalculator mainLoop
INFO: Coin: ant Z: Bitfinex Na: Bittrex
Zysk: 0.0
maj 01, 2019 8:52:36 PM Markets.MarketCalculator mainLoop
INFO: Coin: ant Z: Bittrex Na: Bitfinex
Zysk: 0.0
maj 01, 2019 8:52:36 PM Markets.MarketCalculator mainLoop
INFO: Coin: dta Z: Bitfinex Na: Bittrex
Zysk: 0.0
maj 01, 2019 8:52:36 PM Markets.MarketCalculator mainLoop
INFO: Coin: dta Z: Bittrex Na: Bitfinex
Zysk: 0.0
maj 01, 2019 8:52:36 PM Markets.MarketCalculator mainLoop
INFO: Coin: fsn Z: Bitfinex Na: Bittrex
Zysk: 0.0
maj 01, 2019 8:52:36 PM Markets.MarketCalculator mainLoop
INFO: Coin: fsn Z: Bittrex Na: Bitfinex
Zysk: 0.0
maj 01, 2019 8:52:36 PM Markets.MarketCalculator mainLoop
INFO: Coin: mln Z: Bitfinex Na: Bittrex
Zysk: 0.0
maj 01, 2019 8:52:36 PM Markets.MarketCalculator mainLoop
INFO: Coin: mln Z: Bittrex Na: Bitfinex
Zysk: 0.0
maj 01, 2019 8:52:36 PM Markets.MarketCalculator mainLoop
INFO: Coin: vee Z: Bitfinex Na: Bittrex
Zysk: 0.0
maj 01, 2019 8:52:36 PM Markets.MarketCalculator mainLoop
INFO: Coin: vee Z: Bittrex Na: Bitfinex
Zysk: 0.0
maj 01, 2019 8:52:36 PM Markets.MarketCalculator mainLoop
INFO: Coin: bsv Z: Bitfinex Na: Bittrex
Zysk: 0.0
maj 01, 2019 8:52:36 PM Markets.MarketCalculator mainLoop
INFO: Coin: bsv Z: Bittrex Na: Bitfinex
Zysk: 0.0
maj 01, 2019 8:52:36 PM Markets.MarketCalculator mainLoop
INFO: Coin: bft Z: Bitfinex Na: Bittrex
Zysk: 0.0
maj 01, 2019 8:52:36 PM Markets.MarketCalculator mainLoop
INFO: Coin: bft Z: Bittrex Na: Bitfinex
Zysk: 0.0
maj 01, 2019 8:52:36 PM Markets.MarketCalculator mainLoop
INFO: Coin: aid Z: Bitfinex Na: Bittrex
Zysk: 0.0
maj 01, 2019 8:52:36 PM Markets.MarketCalculator mainLoop
INFO: Coin: aid Z: Bittrex Na: Bitfinex
Zysk: 0.0
maj 01, 2019 8:52:36 PM Markets.MarketCalculator mainLoop
INFO: Coin: usd Z: Bitfinex Na: Bittrex
Zysk: 0.0
maj 01, 2019 8:52:36 PM Markets.MarketCalculator mainLoop
INFO: Coin: usd Z: Bittrex Na: Bitfinex
Zysk: 0.0
maj 01, 2019 8:52:36 PM Markets.MarketCalculator mainLoop
INFO: Kolejka:

